#! /usr/bin/vvp
:ivl_version "10.3 (stable)";
:ivl_delay_selection "TYPICAL";
:vpi_time_precision - 12;
:vpi_module "system";
:vpi_module "vhdl_sys";
:vpi_module "v2005_math";
:vpi_module "va_math";
S_0x555f7204c120 .scope module, "tb" "tb" 2 2;
 .timescale -9 -12;
v0x555f72095450_0 .var "clk", 0 0;
v0x555f72095510_0 .var "enable", 0 0;
v0x555f720955e0_0 .net "out", 3 0, v0x555f720950f0_0;  1 drivers
v0x555f720956e0_0 .var "reset", 0 0;
v0x555f720957b0_0 .var "up_down", 0 0;
S_0x555f7204c2a0 .scope module, "dut" "updown_counter" 2 7, 3 5 0, S_0x555f7204c120;
 .timescale -9 -12;
    .port_info 0 /OUTPUT 4 "out"
    .port_info 1 /INPUT 1 "enable"
    .port_info 2 /INPUT 1 "clk"
    .port_info 3 /INPUT 1 "reset"
    .port_info 4 /INPUT 1 "up_down"
v0x555f72082cf0_0 .net "clk", 0 0, v0x555f72095450_0;  1 drivers
v0x555f72095030_0 .net "enable", 0 0, v0x555f72095510_0;  1 drivers
v0x555f720950f0_0 .var "out", 3 0;
v0x555f720951e0_0 .net "reset", 0 0, v0x555f720956e0_0;  1 drivers
v0x555f720952a0_0 .net "up_down", 0 0, v0x555f720957b0_0;  1 drivers
E_0x555f72083420 .event posedge, v0x555f72082cf0_0;
    .scope S_0x555f7204c2a0;
T_0 ;
    %wait E_0x555f72083420;
    %load/vec4 v0x555f720951e0_0;
    %flag_set/vec4 8;
    %jmp/0xz  T_0.0, 8;
    %pushi/vec4 0, 0, 4;
    %store/vec4 v0x555f720950f0_0, 0, 4;
    %jmp T_0.1;
T_0.0 ;
    %load/vec4 v0x555f72095030_0;
    %flag_set/vec4 8;
    %jmp/0xz  T_0.2, 8;
    %load/vec4 v0x555f720952a0_0;
    %flag_set/vec4 8;
    %jmp/0xz  T_0.4, 8;
    %load/vec4 v0x555f720950f0_0;
    %addi 1, 0, 4;
    %store/vec4 v0x555f720950f0_0, 0, 4;
    %jmp T_0.5;
T_0.4 ;
    %load/vec4 v0x555f720950f0_0;
    %subi 1, 0, 4;
    %store/vec4 v0x555f720950f0_0, 0, 4;
T_0.5 ;
T_0.2 ;
T_0.1 ;
    %jmp T_0;
    .thread T_0;
    .scope S_0x555f7204c120;
T_1 ;
    %vpi_call 2 13 "$dumpfile", "count.vcd" {0 0 0};
    %vpi_call 2 14 "$dumpvars", 32'sb00000000000000000000000000000000, S_0x555f7204c120 {0 0 0};
    %pushi/vec4 0, 0, 1;
    %store/vec4 v0x555f72095450_0, 0, 1;
    %pushi/vec4 0, 0, 1;
    %store/vec4 v0x555f72095510_0, 0, 1;
    %pushi/vec4 1, 0, 1;
    %store/vec4 v0x555f720956e0_0, 0, 1;
    %delay 20000, 0;
    %pushi/vec4 0, 0, 1;
    %store/vec4 v0x555f720956e0_0, 0, 1;
    %pushi/vec4 1, 0, 1;
    %store/vec4 v0x555f72095510_0, 0, 1;
    %pushi/vec4 1, 0, 1;
    %store/vec4 v0x555f720957b0_0, 0, 1;
    %delay 80000, 0;
    %pushi/vec4 0, 0, 1;
    %store/vec4 v0x555f720956e0_0, 0, 1;
    %pushi/vec4 1, 0, 1;
    %store/vec4 v0x555f72095510_0, 0, 1;
    %pushi/vec4 0, 0, 1;
    %store/vec4 v0x555f720957b0_0, 0, 1;
    %delay 100000, 0;
    %pushi/vec4 0, 0, 1;
    %store/vec4 v0x555f720956e0_0, 0, 1;
    %pushi/vec4 1, 0, 1;
    %store/vec4 v0x555f72095510_0, 0, 1;
    %pushi/vec4 1, 0, 1;
    %store/vec4 v0x555f720957b0_0, 0, 1;
    %delay 50000, 0;
    %vpi_call 2 37 "$finish" {0 0 0};
    %end;
    .thread T_1;
    .scope S_0x555f7204c120;
T_2 ;
    %delay 5000, 0;
    %load/vec4 v0x555f72095450_0;
    %inv;
    %store/vec4 v0x555f72095450_0, 0, 1;
    %jmp T_2;
    .thread T_2;
# The file index is used to find the file name in the following table.
:file_names 4;
    "N/A";
    "<interactive>";
    "tb.v";
    "updown_counter.v";
