#! /usr/bin/vvp
:ivl_version "10.3 (stable)";
:ivl_delay_selection "TYPICAL";
:vpi_time_precision - 12;
:vpi_module "system";
:vpi_module "vhdl_sys";
:vpi_module "v2005_math";
:vpi_module "va_math";
S_0x56446819e0f0 .scope module, "memory_module" "memory_module" 2 4;
 .timescale -9 -12;
v0x56446819e290_0 .var "address", 2 0;
v0x5644681e5b00_0 .var "clk", 0 0;
v0x5644681e5bc0_0 .var "data", 7 0;
v0x5644681e5c80_0 .var/i "file1", 31 0;
v0x5644681e5d60 .array "memory", 7 0, 7 0;
E_0x56446819e910 .event posedge, v0x5644681e5b00_0;
    .scope S_0x56446819e0f0;
T_0 ;
    %pushi/vec4 0, 0, 3;
    %store/vec4 v0x56446819e290_0, 0, 3;
    %pushi/vec4 0, 0, 1;
    %store/vec4 v0x5644681e5b00_0, 0, 1;
    %end;
    .thread T_0;
    .scope S_0x56446819e0f0;
T_1 ;
    %vpi_call 2 20 "$readmemb", "init.dat", v0x5644681e5d60 {0 0 0};
    %vpi_func 2 21 "$fopen" 32, "output.txt" {0 0 0};
    %store/vec4 v0x5644681e5c80_0, 0, 32;
    %vpi_call 2 24 "$dumpfile", "mem_out.vcd" {0 0 0};
    %vpi_call 2 25 "$dumpvars", 32'sb00000000000000000000000000000000, S_0x56446819e0f0 {0 0 0};
    %end;
    .thread T_1;
    .scope S_0x56446819e0f0;
T_2 ;
    %delay 5000, 0;
    %load/vec4 v0x5644681e5b00_0;
    %inv;
    %store/vec4 v0x5644681e5b00_0, 0, 1;
    %jmp T_2;
    .thread T_2;
    .scope S_0x56446819e0f0;
T_3 ;
    %wait E_0x56446819e910;
    %load/vec4 v0x56446819e290_0;
    %pad/u 5;
    %ix/vec4 4;
    %load/vec4a v0x5644681e5d60, 4;
    %store/vec4 v0x5644681e5bc0_0, 0, 8;
    %vpi_call 2 37 "$display", "Memory [%0d] = %b", v0x56446819e290_0, v0x5644681e5bc0_0 {0 0 0};
    %vpi_call 2 38 "$fdisplay", v0x5644681e5c80_0, "Memory [%0d] = %b", v0x56446819e290_0, v0x5644681e5bc0_0 {0 0 0};
    %load/vec4 v0x56446819e290_0;
    %addi 1, 0, 3;
    %store/vec4 v0x56446819e290_0, 0, 3;
    %jmp T_3;
    .thread T_3;
    .scope S_0x56446819e0f0;
T_4 ;
    %delay 20000, 0;
    %vpi_call 2 45 "$fclose", v0x5644681e5c80_0 {0 0 0};
    %vpi_call 2 46 "$stop" {0 0 0};
    %end;
    .thread T_4;
# The file index is used to find the file name in the following table.
:file_names 3;
    "N/A";
    "<interactive>";
    "q1_memory_debug.v";
