#! /usr/bin/vvp
:ivl_version "10.3 (stable)";
:ivl_delay_selection "TYPICAL";
:vpi_time_precision - 12;
:vpi_module "system";
:vpi_module "vhdl_sys";
:vpi_module "v2005_math";
:vpi_module "va_math";
S_0x560aa6c8c740 .scope module, "mux_tb" "mux_tb" 2 3;
 .timescale -8 -12;
v0x560aa6ca4200_0 .var "I", 1 0;
v0x560aa6ca4310_0 .var "S", 0 0;
v0x560aa6ca43e0_0 .net "Y", 0 0, L_0x560aa6ca4ad0;  1 drivers
v0x560aa6ca44e0_0 .var/i "i", 31 0;
v0x560aa6ca4580_0 .var/i "j", 31 0;
S_0x560aa6c8c8c0 .scope module, "M1" "mux_struct" 2 8, 3 4 0, S_0x560aa6c8c740;
 .timescale -8 -12;
    .port_info 0 /INPUT 2 "I"
    .port_info 1 /INPUT 1 "S"
    .port_info 2 /OUTPUT 1 "Y"
L_0x560aa6ca4670 .functor NOT 1, v0x560aa6ca4310_0, C4<0>, C4<0>, C4<0>;
L_0x560aa6ca4750 .functor AND 1, L_0x560aa6ca4670, L_0x560aa6ca4830, C4<1>, C4<1>;
L_0x560aa6ca4970 .functor AND 1, v0x560aa6ca4310_0, L_0x560aa6ca49e0, C4<1>, C4<1>;
L_0x560aa6ca4ad0 .functor OR 1, L_0x560aa6ca4750, L_0x560aa6ca4970, C4<0>, C4<0>;
v0x560aa6c560a0_0 .net "I", 1 0, v0x560aa6ca4200_0;  1 drivers
v0x560aa6ca34e0_0 .net "S", 0 0, v0x560aa6ca4310_0;  1 drivers
v0x560aa6ca35a0_0 .net "Sbar", 0 0, L_0x560aa6ca4670;  1 drivers
v0x560aa6ca3640_0 .net "Y", 0 0, L_0x560aa6ca4ad0;  alias, 1 drivers
v0x560aa6ca3700_0 .net *"_s1", 0 0, L_0x560aa6ca4830;  1 drivers
v0x560aa6ca3830_0 .net *"_s3", 0 0, L_0x560aa6ca49e0;  1 drivers
v0x560aa6ca3910_0 .net "w1", 0 0, L_0x560aa6ca4750;  1 drivers
v0x560aa6ca39d0_0 .net "w2", 0 0, L_0x560aa6ca4970;  1 drivers
L_0x560aa6ca4830 .part v0x560aa6ca4200_0, 0, 1;
L_0x560aa6ca49e0 .part v0x560aa6ca4200_0, 1, 1;
S_0x560aa6ca3b10 .scope task, "delay" "delay" 2 10, 2 10 0, S_0x560aa6c8c740;
 .timescale -8 -12;
TD_mux_tb.delay ;
    %delay 100000, 0;
    %end;
S_0x560aa6ca3ce0 .scope task, "initialize" "initialize" 2 23, 2 23 0, S_0x560aa6c8c740;
 .timescale -8 -12;
TD_mux_tb.initialize ;
    %pushi/vec4 0, 0, 2;
    %store/vec4 v0x560aa6ca4200_0, 0, 2;
    %pushi/vec4 0, 0, 1;
    %store/vec4 v0x560aa6ca4310_0, 0, 1;
    %end;
S_0x560aa6ca3eb0 .scope task, "stimulus" "stimulus" 2 16, 2 16 0, S_0x560aa6c8c740;
 .timescale -8 -12;
v0x560aa6ca4080_0 .var "a", 1 0;
v0x560aa6ca4140_0 .var "select", 0 0;
TD_mux_tb.stimulus ;
    %load/vec4 v0x560aa6ca4080_0;
    %store/vec4 v0x560aa6ca4200_0, 0, 2;
    %load/vec4 v0x560aa6ca4140_0;
    %store/vec4 v0x560aa6ca4310_0, 0, 1;
    %end;
    .scope S_0x560aa6c8c740;
T_3 ;
    %vpi_call 2 32 "$dumpfile", "mux_struct.vcd" {0 0 0};
    %vpi_call 2 33 "$dumpvars", 32'sb00000000000000000000000000000000, S_0x560aa6c8c740 {0 0 0};
    %fork TD_mux_tb.initialize, S_0x560aa6ca3ce0;
    %join;
    %fork TD_mux_tb.delay, S_0x560aa6ca3b10;
    %join;
    %pushi/vec4 0, 0, 32;
    %store/vec4 v0x560aa6ca44e0_0, 0, 32;
T_3.0 ;
    %load/vec4 v0x560aa6ca44e0_0;
    %cmpi/s 4, 0, 32;
    %jmp/0xz T_3.1, 5;
    %pushi/vec4 0, 0, 32;
    %store/vec4 v0x560aa6ca4580_0, 0, 32;
T_3.2 ;
    %load/vec4 v0x560aa6ca4580_0;
    %cmpi/s 2, 0, 32;
    %jmp/0xz T_3.3, 5;
    %load/vec4 v0x560aa6ca44e0_0;
    %pad/s 2;
    %store/vec4 v0x560aa6ca4080_0, 0, 2;
    %load/vec4 v0x560aa6ca4580_0;
    %pad/s 1;
    %store/vec4 v0x560aa6ca4140_0, 0, 1;
    %fork TD_mux_tb.stimulus, S_0x560aa6ca3eb0;
    %join;
    %fork TD_mux_tb.delay, S_0x560aa6ca3b10;
    %join;
    %load/vec4 v0x560aa6ca4580_0;
    %addi 1, 0, 32;
    %store/vec4 v0x560aa6ca4580_0, 0, 32;
    %jmp T_3.2;
T_3.3 ;
    %load/vec4 v0x560aa6ca44e0_0;
    %addi 1, 0, 32;
    %store/vec4 v0x560aa6ca44e0_0, 0, 32;
    %jmp T_3.0;
T_3.1 ;
    %vpi_call 2 45 "$finish" {0 0 0};
    %end;
    .thread T_3;
    .scope S_0x560aa6c8c740;
T_4 ;
    %vpi_call 2 48 "$monitor", $time, "ns S = %b, I1 = %b, I0 = %b, Y = %b", v0x560aa6ca4310_0, &PV<v0x560aa6ca4200_0, 1, 1>, &PV<v0x560aa6ca4200_0, 0, 1>, v0x560aa6ca43e0_0 {0 0 0};
    %end;
    .thread T_4;
# The file index is used to find the file name in the following table.
:file_names 4;
    "N/A";
    "<interactive>";
    "mux_tb.v";
    "mux_struct.v";
