#! /usr/bin/vvp
:ivl_version "10.3 (stable)";
:ivl_delay_selection "TYPICAL";
:vpi_time_precision - 12;
:vpi_module "system";
:vpi_module "vhdl_sys";
:vpi_module "v2005_math";
:vpi_module "va_math";
S_0x560b97fa1b80 .scope module, "mux_tb" "mux_tb" 2 3;
 .timescale -9 -12;
v0x560b97fb9060_0 .var "I", 1 0;
v0x560b97fb9170_0 .var "S", 0 0;
v0x560b97fb9240_0 .net "Y", 0 0, L_0x560b97fb9660;  1 drivers
v0x560b97fb9340_0 .var/i "i", 31 0;
v0x560b97fb93e0_0 .var/i "j", 31 0;
S_0x560b97fa1d00 .scope module, "M1" "mux_rtl" 2 8, 3 2 0, S_0x560b97fa1b80;
 .timescale 0 0;
    .port_info 0 /INPUT 2 "I"
    .port_info 1 /INPUT 1 "S"
    .port_info 2 /OUTPUT 1 "Y"
v0x560b97f6c080_0 .net "I", 1 0, v0x560b97fb9060_0;  1 drivers
v0x560b97fb8580_0 .net "S", 0 0, v0x560b97fb9170_0;  1 drivers
v0x560b97fb8640_0 .net "Y", 0 0, L_0x560b97fb9660;  alias, 1 drivers
v0x560b97fb86e0_0 .net *"_s1", 0 0, L_0x560b97fb94d0;  1 drivers
v0x560b97fb87c0_0 .net *"_s3", 0 0, L_0x560b97fb95c0;  1 drivers
L_0x560b97fb94d0 .part v0x560b97fb9060_0, 1, 1;
L_0x560b97fb95c0 .part v0x560b97fb9060_0, 0, 1;
L_0x560b97fb9660 .functor MUXZ 1, L_0x560b97fb95c0, L_0x560b97fb94d0, v0x560b97fb9170_0, C4<>;
S_0x560b97fb8970 .scope task, "delay" "delay" 2 10, 2 10 0, S_0x560b97fa1b80;
 .timescale -9 -12;
TD_mux_tb.delay ;
    %delay 10000, 0;
    %end;
S_0x560b97fb8b40 .scope task, "initialize" "initialize" 2 23, 2 23 0, S_0x560b97fa1b80;
 .timescale -9 -12;
TD_mux_tb.initialize ;
    %pushi/vec4 0, 0, 2;
    %store/vec4 v0x560b97fb9060_0, 0, 2;
    %pushi/vec4 0, 0, 1;
    %store/vec4 v0x560b97fb9170_0, 0, 1;
    %end;
S_0x560b97fb8d10 .scope task, "stimulus" "stimulus" 2 16, 2 16 0, S_0x560b97fa1b80;
 .timescale -9 -12;
v0x560b97fb8ee0_0 .var "a", 1 0;
v0x560b97fb8fa0_0 .var "select", 0 0;
TD_mux_tb.stimulus ;
    %load/vec4 v0x560b97fb8ee0_0;
    %store/vec4 v0x560b97fb9060_0, 0, 2;
    %load/vec4 v0x560b97fb8fa0_0;
    %store/vec4 v0x560b97fb9170_0, 0, 1;
    %end;
    .scope S_0x560b97fa1b80;
T_3 ;
    %vpi_call 2 32 "$dumpfile", "mux_rtl.vcd" {0 0 0};
    %vpi_call 2 33 "$dumpvars", 32'sb00000000000000000000000000000000, S_0x560b97fa1b80 {0 0 0};
    %fork TD_mux_tb.initialize, S_0x560b97fb8b40;
    %join;
    %fork TD_mux_tb.delay, S_0x560b97fb8970;
    %join;
    %pushi/vec4 0, 0, 32;
    %store/vec4 v0x560b97fb9340_0, 0, 32;
T_3.0 ;
    %load/vec4 v0x560b97fb9340_0;
    %cmpi/s 4, 0, 32;
    %jmp/0xz T_3.1, 5;
    %pushi/vec4 0, 0, 32;
    %store/vec4 v0x560b97fb93e0_0, 0, 32;
T_3.2 ;
    %load/vec4 v0x560b97fb93e0_0;
    %cmpi/s 2, 0, 32;
    %jmp/0xz T_3.3, 5;
    %load/vec4 v0x560b97fb9340_0;
    %pad/s 2;
    %store/vec4 v0x560b97fb8ee0_0, 0, 2;
    %load/vec4 v0x560b97fb93e0_0;
    %pad/s 1;
    %store/vec4 v0x560b97fb8fa0_0, 0, 1;
    %fork TD_mux_tb.stimulus, S_0x560b97fb8d10;
    %join;
    %fork TD_mux_tb.delay, S_0x560b97fb8970;
    %join;
    %load/vec4 v0x560b97fb93e0_0;
    %addi 1, 0, 32;
    %store/vec4 v0x560b97fb93e0_0, 0, 32;
    %jmp T_3.2;
T_3.3 ;
    %load/vec4 v0x560b97fb9340_0;
    %addi 1, 0, 32;
    %store/vec4 v0x560b97fb9340_0, 0, 32;
    %jmp T_3.0;
T_3.1 ;
    %vpi_call 2 45 "$finish" {0 0 0};
    %end;
    .thread T_3;
    .scope S_0x560b97fa1b80;
T_4 ;
    %vpi_call 2 48 "$monitor", $time, "ns S = %b, I1 = %b, I0 = %b, Y = %b", v0x560b97fb9170_0, &PV<v0x560b97fb9060_0, 1, 1>, &PV<v0x560b97fb9060_0, 0, 1>, v0x560b97fb9240_0 {0 0 0};
    %end;
    .thread T_4;
# The file index is used to find the file name in the following table.
:file_names 4;
    "N/A";
    "<interactive>";
    "mux_tb.v";
    "mux_rtl.v";
