#! /usr/bin/vvp
:ivl_version "10.3 (stable)";
:ivl_delay_selection "TYPICAL";
:vpi_time_precision - 12;
:vpi_module "system";
:vpi_module "vhdl_sys";
:vpi_module "v2005_math";
:vpi_module "va_math";
S_0x5559fcc09710 .scope module, "upcounter_testbench" "upcounter_testbench" 2 2;
 .timescale -9 -12;
v0x5559fcc19e90_0 .var "clk", 0 0;
v0x5559fcc19f50_0 .var "enable", 0 0;
v0x5559fcc1a020_0 .net "out", 3 0, v0x5559fcc19c30_0;  1 drivers
v0x5559fcc1a120_0 .var "reset", 0 0;
S_0x5559fcc09890 .scope module, "dut" "up_counter" 2 7, 3 7 0, S_0x5559fcc09710;
 .timescale -9 -12;
    .port_info 0 /OUTPUT 4 "out"
    .port_info 1 /INPUT 1 "enable"
    .port_info 2 /INPUT 1 "clk"
    .port_info 3 /INPUT 1 "reset"
v0x5559fcbd30e0_0 .net "clk", 0 0, v0x5559fcc19e90_0;  1 drivers
v0x5559fcc19b70_0 .net "enable", 0 0, v0x5559fcc19f50_0;  1 drivers
v0x5559fcc19c30_0 .var "out", 3 0;
v0x5559fcc19d20_0 .net "reset", 0 0, v0x5559fcc1a120_0;  1 drivers
E_0x5559fcc08640 .event posedge, v0x5559fcbd30e0_0;
    .scope S_0x5559fcc09890;
T_0 ;
    %wait E_0x5559fcc08640;
    %load/vec4 v0x5559fcc19d20_0;
    %flag_set/vec4 8;
    %jmp/0xz  T_0.0, 8;
    %pushi/vec4 0, 0, 4;
    %store/vec4 v0x5559fcc19c30_0, 0, 4;
    %jmp T_0.1;
T_0.0 ;
    %load/vec4 v0x5559fcc19b70_0;
    %flag_set/vec4 8;
    %jmp/0xz  T_0.2, 8;
    %load/vec4 v0x5559fcc19c30_0;
    %addi 1, 0, 4;
    %store/vec4 v0x5559fcc19c30_0, 0, 4;
T_0.2 ;
T_0.1 ;
    %jmp T_0;
    .thread T_0;
    .scope S_0x5559fcc09710;
T_1 ;
    %vpi_call 2 13 "$dumpfile", "count.vcd" {0 0 0};
    %vpi_call 2 14 "$dumpvars", 32'sb00000000000000000000000000000000, S_0x5559fcc09710 {0 0 0};
    %pushi/vec4 0, 0, 1;
    %store/vec4 v0x5559fcc19e90_0, 0, 1;
    %pushi/vec4 0, 0, 1;
    %store/vec4 v0x5559fcc19f50_0, 0, 1;
    %pushi/vec4 1, 0, 1;
    %store/vec4 v0x5559fcc1a120_0, 0, 1;
    %delay 20000, 0;
    %pushi/vec4 0, 0, 1;
    %store/vec4 v0x5559fcc1a120_0, 0, 1;
    %pushi/vec4 1, 0, 1;
    %store/vec4 v0x5559fcc19f50_0, 0, 1;
    %end;
    .thread T_1;
    .scope S_0x5559fcc09710;
T_2 ;
    %delay 5000, 0;
    %load/vec4 v0x5559fcc19e90_0;
    %inv;
    %store/vec4 v0x5559fcc19e90_0, 0, 1;
    %jmp T_2;
    .thread T_2;
# The file index is used to find the file name in the following table.
:file_names 4;
    "N/A";
    "<interactive>";
    "upcounter_testbench.v";
    "up_counter.v";
