#! /usr/bin/vvp
:ivl_version "10.3 (stable)";
:ivl_delay_selection "TYPICAL";
:vpi_time_precision - 12;
:vpi_module "system";
:vpi_module "vhdl_sys";
:vpi_module "v2005_math";
:vpi_module "va_math";
S_0x55ad95554db0 .scope module, "tb" "tb" 2 3;
 .timescale -9 -12;
v0x55ad955692b0_0 .var "I0", 15 0;
v0x55ad955693c0_0 .var "I1", 15 0;
v0x55ad95569490_0 .var "S", 0 0;
v0x55ad95569590_0 .net "Y", 15 0, L_0x55ad95569660;  1 drivers
S_0x55ad95554f30 .scope module, "M1" "mux" 2 8, 3 1 0, S_0x55ad95554db0;
 .timescale 0 0;
    .port_info 0 /INPUT 16 "I0"
    .port_info 1 /INPUT 16 "I1"
    .port_info 2 /INPUT 1 "S"
    .port_info 3 /OUTPUT 16 "Y"
v0x55ad9551f030_0 .net "I0", 15 0, v0x55ad955692b0_0;  1 drivers
v0x55ad95568970_0 .net "I1", 15 0, v0x55ad955693c0_0;  1 drivers
v0x55ad95568a50_0 .net "S", 0 0, v0x55ad95569490_0;  1 drivers
v0x55ad95568af0_0 .net "Y", 15 0, L_0x55ad95569660;  alias, 1 drivers
L_0x55ad95569660 .functor MUXZ 16, v0x55ad955692b0_0, v0x55ad955693c0_0, v0x55ad95569490_0, C4<>;
S_0x55ad95568c80 .scope task, "delay" "delay" 2 10, 2 10 0, S_0x55ad95554db0;
 .timescale -9 -12;
TD_tb.delay ;
    %delay 10000, 0;
    %end;
S_0x55ad95568e70 .scope task, "stimulus" "stimulus" 2 16, 2 16 0, S_0x55ad95554db0;
 .timescale -9 -12;
v0x55ad95569040_0 .var "a", 15 0;
v0x55ad95569100_0 .var "b", 15 0;
v0x55ad955691e0_0 .var "select", 0 0;
TD_tb.stimulus ;
    %load/vec4 v0x55ad95569040_0;
    %store/vec4 v0x55ad955692b0_0, 0, 16;
    %load/vec4 v0x55ad95569100_0;
    %store/vec4 v0x55ad955693c0_0, 0, 16;
    %load/vec4 v0x55ad955691e0_0;
    %store/vec4 v0x55ad95569490_0, 0, 1;
    %end;
    .scope S_0x55ad95554db0;
T_2 ;
    %vpi_call 2 25 "$dumpfile", "dump.vcd" {0 0 0};
    %vpi_call 2 26 "$dumpvars", 32'sb00000000000000000000000000000000, S_0x55ad95554db0 {0 0 0};
    %pushi/vec4 175, 0, 16;
    %store/vec4 v0x55ad95569040_0, 0, 16;
    %pushi/vec4 250, 0, 16;
    %store/vec4 v0x55ad95569100_0, 0, 16;
    %pushi/vec4 0, 0, 1;
    %store/vec4 v0x55ad955691e0_0, 0, 1;
    %fork TD_tb.stimulus, S_0x55ad95568e70;
    %join;
    %fork TD_tb.delay, S_0x55ad95568c80;
    %join;
    %pushi/vec4 175, 0, 16;
    %store/vec4 v0x55ad95569040_0, 0, 16;
    %pushi/vec4 250, 0, 16;
    %store/vec4 v0x55ad95569100_0, 0, 16;
    %pushi/vec4 1, 0, 1;
    %store/vec4 v0x55ad955691e0_0, 0, 1;
    %fork TD_tb.stimulus, S_0x55ad95568e70;
    %join;
    %vpi_call 2 30 "$finish" {0 0 0};
    %end;
    .thread T_2;
    .scope S_0x55ad95554db0;
T_3 ;
    %vpi_call 2 33 "$monitor", $time, "ns S = %b, I1 = %h, I0 = %h, Y = %h", v0x55ad95569490_0, v0x55ad955693c0_0, v0x55ad955692b0_0, v0x55ad95569590_0 {0 0 0};
    %end;
    .thread T_3;
# The file index is used to find the file name in the following table.
:file_names 4;
    "N/A";
    "<interactive>";
    "tb.v";
    "mux.v";
