#! /usr/bin/vvp
:ivl_version "10.3 (stable)";
:ivl_delay_selection "TYPICAL";
:vpi_time_precision - 12;
:vpi_module "system";
:vpi_module "vhdl_sys";
:vpi_module "v2005_math";
:vpi_module "va_math";
S_0x55f37299d0f0 .scope module, "tb_johnson" "tb_johnson" 2 30;
 .timescale -8 -12;
v0x55f3729b63d0_0 .var "Clock", 0 0;
v0x55f3729b6470_0 .net "Count_out", 3 0, L_0x55f3729b69b0;  1 drivers
v0x55f3729b6560_0 .var "Reset", 0 0;
S_0x55f37299d270 .scope module, "uut" "johnsoncounter" 2 38, 2 17 0, S_0x55f37299d0f0;
 .timescale 0 0;
    .port_info 0 /OUTPUT 4 "q"
    .port_info 1 /INPUT 1 "reset"
    .port_info 2 /INPUT 1 "clk"
L_0x55f3729b6630 .functor NOT 1, L_0x55f3729b66a0, C4<0>, C4<0>, C4<0>;
v0x55f3729b5fd0_0 .net *"_s2", 0 0, L_0x55f3729b66a0;  1 drivers
v0x55f3729b60d0_0 .net "clk", 0 0, v0x55f3729b63d0_0;  1 drivers
v0x55f3729b6190_0 .net "q", 3 0, L_0x55f3729b69b0;  alias, 1 drivers
v0x55f3729b6230_0 .net "reset", 0 0, v0x55f3729b6560_0;  1 drivers
v0x55f3729b62d0_0 .net "w", 0 0, L_0x55f3729b6630;  1 drivers
L_0x55f3729b66a0 .part L_0x55f3729b69b0, 3, 1;
L_0x55f3729b67e0 .part L_0x55f3729b69b0, 0, 1;
L_0x55f3729b6880 .part L_0x55f3729b69b0, 1, 1;
L_0x55f3729b69b0 .concat8 [ 1 1 1 1], v0x55f37298cd30_0, v0x55f37298c790_0, v0x55f3729b57e0_0, v0x55f3729b5db0_0;
L_0x55f3729b6b70 .part L_0x55f3729b69b0, 2, 1;
S_0x55f37299f570 .scope module, "f1" "dff" 2 22, 2 2 0, S_0x55f37299d270;
 .timescale 0 0;
    .port_info 0 /OUTPUT 1 "q"
    .port_info 1 /INPUT 1 "d"
    .port_info 2 /INPUT 1 "reset"
    .port_info 3 /INPUT 1 "clk"
v0x55f37298dd00_0 .net "clk", 0 0, v0x55f3729b63d0_0;  alias, 1 drivers
v0x55f37298dda0_0 .net "d", 0 0, L_0x55f3729b6630;  alias, 1 drivers
v0x55f37298cd30_0 .var "q", 0 0;
v0x55f37298ce30_0 .net "reset", 0 0, v0x55f3729b6560_0;  alias, 1 drivers
E_0x55f37299dc90/0 .event edge, v0x55f37298ce30_0;
E_0x55f37299dc90/1 .event posedge, v0x55f37298dd00_0;
E_0x55f37299dc90 .event/or E_0x55f37299dc90/0, E_0x55f37299dc90/1;
S_0x55f3729b5000 .scope module, "f2" "dff" 2 23, 2 2 0, S_0x55f37299d270;
 .timescale 0 0;
    .port_info 0 /OUTPUT 1 "q"
    .port_info 1 /INPUT 1 "d"
    .port_info 2 /INPUT 1 "reset"
    .port_info 3 /INPUT 1 "clk"
v0x55f37298e230_0 .net "clk", 0 0, v0x55f3729b63d0_0;  alias, 1 drivers
v0x55f37298d2e0_0 .net "d", 0 0, L_0x55f3729b67e0;  1 drivers
v0x55f37298c790_0 .var "q", 0 0;
v0x55f3729b5260_0 .net "reset", 0 0, v0x55f3729b6560_0;  alias, 1 drivers
S_0x55f3729b53c0 .scope module, "f3" "dff" 2 24, 2 2 0, S_0x55f37299d270;
 .timescale 0 0;
    .port_info 0 /OUTPUT 1 "q"
    .port_info 1 /INPUT 1 "d"
    .port_info 2 /INPUT 1 "reset"
    .port_info 3 /INPUT 1 "clk"
v0x55f3729b5630_0 .net "clk", 0 0, v0x55f3729b63d0_0;  alias, 1 drivers
v0x55f3729b5720_0 .net "d", 0 0, L_0x55f3729b6880;  1 drivers
v0x55f3729b57e0_0 .var "q", 0 0;
v0x55f3729b5880_0 .net "reset", 0 0, v0x55f3729b6560_0;  alias, 1 drivers
S_0x55f3729b59f0 .scope module, "f4" "dff" 2 25, 2 2 0, S_0x55f37299d270;
 .timescale 0 0;
    .port_info 0 /OUTPUT 1 "q"
    .port_info 1 /INPUT 1 "d"
    .port_info 2 /INPUT 1 "reset"
    .port_info 3 /INPUT 1 "clk"
v0x55f3729b5c30_0 .net "clk", 0 0, v0x55f3729b63d0_0;  alias, 1 drivers
v0x55f3729b5cf0_0 .net "d", 0 0, L_0x55f3729b6b70;  1 drivers
v0x55f3729b5db0_0 .var "q", 0 0;
v0x55f3729b5e80_0 .net "reset", 0 0, v0x55f3729b6560_0;  alias, 1 drivers
    .scope S_0x55f37299f570;
T_0 ;
    %wait E_0x55f37299dc90;
    %load/vec4 v0x55f37298ce30_0;
    %pad/u 32;
    %cmpi/e 1, 0, 32;
    %jmp/0xz  T_0.0, 4;
    %pushi/vec4 0, 0, 1;
    %store/vec4 v0x55f37298cd30_0, 0, 1;
    %jmp T_0.1;
T_0.0 ;
    %load/vec4 v0x55f37298dda0_0;
    %store/vec4 v0x55f37298cd30_0, 0, 1;
T_0.1 ;
    %jmp T_0;
    .thread T_0;
    .scope S_0x55f3729b5000;
T_1 ;
    %wait E_0x55f37299dc90;
    %load/vec4 v0x55f3729b5260_0;
    %pad/u 32;
    %cmpi/e 1, 0, 32;
    %jmp/0xz  T_1.0, 4;
    %pushi/vec4 0, 0, 1;
    %store/vec4 v0x55f37298c790_0, 0, 1;
    %jmp T_1.1;
T_1.0 ;
    %load/vec4 v0x55f37298d2e0_0;
    %store/vec4 v0x55f37298c790_0, 0, 1;
T_1.1 ;
    %jmp T_1;
    .thread T_1;
    .scope S_0x55f3729b53c0;
T_2 ;
    %wait E_0x55f37299dc90;
    %load/vec4 v0x55f3729b5880_0;
    %pad/u 32;
    %cmpi/e 1, 0, 32;
    %jmp/0xz  T_2.0, 4;
    %pushi/vec4 0, 0, 1;
    %store/vec4 v0x55f3729b57e0_0, 0, 1;
    %jmp T_2.1;
T_2.0 ;
    %load/vec4 v0x55f3729b5720_0;
    %store/vec4 v0x55f3729b57e0_0, 0, 1;
T_2.1 ;
    %jmp T_2;
    .thread T_2;
    .scope S_0x55f3729b59f0;
T_3 ;
    %wait E_0x55f37299dc90;
    %load/vec4 v0x55f3729b5e80_0;
    %pad/u 32;
    %cmpi/e 1, 0, 32;
    %jmp/0xz  T_3.0, 4;
    %pushi/vec4 0, 0, 1;
    %store/vec4 v0x55f3729b5db0_0, 0, 1;
    %jmp T_3.1;
T_3.0 ;
    %load/vec4 v0x55f3729b5cf0_0;
    %store/vec4 v0x55f3729b5db0_0, 0, 1;
T_3.1 ;
    %jmp T_3;
    .thread T_3;
    .scope S_0x55f37299d0f0;
T_4 ;
    %pushi/vec4 0, 0, 1;
    %store/vec4 v0x55f3729b63d0_0, 0, 1;
    %vpi_call 2 46 "$dumpfile", "johnson-out.vcd" {0 0 0};
    %vpi_call 2 47 "$dumpvars", 32'sb00000000000000000000000000000000, S_0x55f37299d0f0 {0 0 0};
    %end;
    .thread T_4;
    .scope S_0x55f37299d0f0;
T_5 ;
    %delay 100000, 0;
    %load/vec4 v0x55f3729b63d0_0;
    %inv;
    %store/vec4 v0x55f3729b63d0_0, 0, 1;
    %jmp T_5;
    .thread T_5;
    .scope S_0x55f37299d0f0;
T_6 ;
    %pushi/vec4 1, 0, 1;
    %store/vec4 v0x55f3729b6560_0, 0, 1;
    %delay 500000, 0;
    %pushi/vec4 0, 0, 1;
    %store/vec4 v0x55f3729b6560_0, 0, 1;
    %end;
    .thread T_6;
# The file index is used to find the file name in the following table.
:file_names 3;
    "N/A";
    "<interactive>";
    "johnson.v";
