#! /usr/bin/vvp
:ivl_version "10.3 (stable)";
:ivl_delay_selection "TYPICAL";
:vpi_time_precision - 12;
:vpi_module "system";
:vpi_module "vhdl_sys";
:vpi_module "v2005_math";
:vpi_module "va_math";
S_0x558ea90cd360 .scope module, "alu_test" "alu_test" 2 29;
 .timescale -9 -12;
v0x558ea90e03e0_0 .var "a", 39 0;
v0x558ea90e04c0_0 .var "b", 39 0;
v0x558ea90e0590_0 .var "clk", 0 0;
v0x558ea90e0690_0 .net "out", 39 0, v0x558ea90e0130_0;  1 drivers
v0x558ea90e0760_0 .var "s", 4 0;
S_0x558ea90cd4e0 .scope module, "uut" "alu" 2 34, 2 7 0, S_0x558ea90cd360;
 .timescale 0 0;
    .port_info 0 /INPUT 40 "a"
    .port_info 1 /INPUT 40 "b"
    .port_info 2 /INPUT 5 "s"
    .port_info 3 /INPUT 1 "clk"
    .port_info 4 /OUTPUT 40 "out"
v0x558ea90960d0_0 .net "a", 39 0, v0x558ea90e03e0_0;  1 drivers
v0x558ea90dff80_0 .net "b", 39 0, v0x558ea90e04c0_0;  1 drivers
v0x558ea90e0060_0 .net "clk", 0 0, v0x558ea90e0590_0;  1 drivers
v0x558ea90e0130_0 .var "out", 39 0;
v0x558ea90e0210_0 .net "s", 4 0, v0x558ea90e0760_0;  1 drivers
E_0x558ea90cb660 .event posedge, v0x558ea90e0060_0;
    .scope S_0x558ea90cd4e0;
T_0 ;
    %wait E_0x558ea90cb660;
    %load/vec4 v0x558ea90e0210_0;
    %cmpi/e 5, 0, 5;
    %jmp/0xz  T_0.0, 4;
    %load/vec4 v0x558ea90960d0_0;
    %load/vec4 v0x558ea90dff80_0;
    %add;
    %store/vec4 v0x558ea90e0130_0, 0, 40;
    %jmp T_0.1;
T_0.0 ;
    %load/vec4 v0x558ea90e0210_0;
    %cmpi/e 8, 0, 5;
    %jmp/0xz  T_0.2, 4;
    %load/vec4 v0x558ea90960d0_0;
    %load/vec4 v0x558ea90dff80_0;
    %mul;
    %store/vec4 v0x558ea90e0130_0, 0, 40;
    %jmp T_0.3;
T_0.2 ;
    %load/vec4 v0x558ea90e0210_0;
    %cmpi/e 6, 0, 5;
    %jmp/0xz  T_0.4, 4;
    %load/vec4 v0x558ea90960d0_0;
    %load/vec4 v0x558ea90dff80_0;
    %sub;
    %store/vec4 v0x558ea90e0130_0, 0, 40;
    %jmp T_0.5;
T_0.4 ;
    %load/vec4 v0x558ea90e0210_0;
    %cmpi/e 11, 0, 5;
    %jmp/0xz  T_0.6, 4;
    %load/vec4 v0x558ea90960d0_0;
    %load/vec4 v0x558ea90dff80_0;
    %div;
    %store/vec4 v0x558ea90e0130_0, 0, 40;
T_0.6 ;
T_0.5 ;
T_0.3 ;
T_0.1 ;
    %jmp T_0;
    .thread T_0;
    .scope S_0x558ea90cd360;
T_1 ;
    %vpi_call 2 37 "$dumpfile", "alua.vcd" {0 0 0};
    %vpi_call 2 38 "$dumpvars", 32'sb00000000000000000000000000000000, S_0x558ea90cd360 {0 0 0};
    %pushi/vec4 11, 0, 40;
    %store/vec4 v0x558ea90e03e0_0, 0, 40;
    %pushi/vec4 3, 0, 40;
    %store/vec4 v0x558ea90e04c0_0, 0, 40;
    %pushi/vec4 0, 0, 1;
    %store/vec4 v0x558ea90e0590_0, 0, 1;
    %pushi/vec4 5, 0, 5;
    %store/vec4 v0x558ea90e0760_0, 0, 5;
    %end;
    .thread T_1;
    .scope S_0x558ea90cd360;
T_2 ;
    %delay 3000, 0;
    %load/vec4 v0x558ea90e0590_0;
    %inv;
    %store/vec4 v0x558ea90e0590_0, 0, 1;
    %jmp T_2;
    .thread T_2;
    .scope S_0x558ea90cd360;
T_3 ;
    %pushi/vec4 7, 0, 5;
    %store/vec4 v0x558ea90e0760_0, 0, 5;
    %delay 10000, 0;
    %pushi/vec4 6, 0, 5;
    %store/vec4 v0x558ea90e0760_0, 0, 5;
    %delay 10000, 0;
    %pushi/vec4 8, 0, 5;
    %store/vec4 v0x558ea90e0760_0, 0, 5;
    %delay 10000, 0;
    %pushi/vec4 11, 0, 5;
    %store/vec4 v0x558ea90e0760_0, 0, 5;
    %delay 10000, 0;
    %vpi_call 2 59 "$finish" {0 0 0};
    %jmp T_3;
    .thread T_3;
# The file index is used to find the file name in the following table.
:file_names 3;
    "N/A";
    "<interactive>";
    "q3_alu.v";
