#! /usr/bin/vvp
:ivl_version "10.3 (stable)";
:ivl_delay_selection "TYPICAL";
:vpi_time_precision + 0;
:vpi_module "system";
:vpi_module "vhdl_sys";
:vpi_module "v2005_math";
:vpi_module "va_math";
S_0x559040aa0160 .scope module, "nBlocking" "nBlocking" 2 1;
 .timescale 0 0;
v0x559040aa02e0_0 .var "a", 0 0;
v0x559040ae3d50_0 .var "b", 0 0;
v0x559040ae3e10_0 .var "c", 0 0;
v0x559040ae3eb0_0 .var "d", 0 0;
    .scope S_0x559040aa0160;
T_0 ;
    %vpi_call 2 9 "$dumpfile", "nonblocking.vcd" {0 0 0};
    %vpi_call 2 10 "$dumpvars", 32'sb00000000000000000000000000000000, S_0x559040aa0160 {0 0 0};
    %end;
    .thread T_0;
    .scope S_0x559040aa0160;
T_1 ;
    %pushi/vec4 1, 0, 1;
    %store/vec4 v0x559040aa02e0_0, 0, 1;
    %pushi/vec4 0, 0, 1;
    %store/vec4 v0x559040ae3d50_0, 0, 1;
    %pushi/vec4 0, 0, 1;
    %store/vec4 v0x559040ae3e10_0, 0, 1;
    %pushi/vec4 0, 0, 1;
    %store/vec4 v0x559040ae3eb0_0, 0, 1;
    %load/vec4 v0x559040ae3d50_0;
    %assign/vec4 v0x559040aa02e0_0, 1;
    %load/vec4 v0x559040aa02e0_0;
    %assign/vec4 v0x559040ae3e10_0, 1;
    %delay 10, 0;
    %end;
    .thread T_1;
# The file index is used to find the file name in the following table.
:file_names 3;
    "N/A";
    "<interactive>";
    "nonblocking.v";
