#! /usr/bin/vvp
:ivl_version "10.3 (stable)";
:ivl_delay_selection "TYPICAL";
:vpi_time_precision + 0;
:vpi_module "system";
:vpi_module "vhdl_sys";
:vpi_module "v2005_math";
:vpi_module "va_math";
S_0x55b4ed071100 .scope module, "Blocking" "Blocking" 2 1;
 .timescale 0 0;
v0x55b4ed071280_0 .var *"_s0", 0 0; Local signal
v0x55b4ed0b5980_0 .var "a", 0 0;
v0x55b4ed0b5a40_0 .var "b", 0 0;
v0x55b4ed0b5b10_0 .var "c", 0 0;
v0x55b4ed0b5bd0_0 .var "d", 0 0;
    .scope S_0x55b4ed071100;
T_0 ;
    %vpi_call 2 9 "$dumpfile", "blocking.vcd" {0 0 0};
    %vpi_call 2 10 "$dumpvars", 32'sb00000000000000000000000000000000, S_0x55b4ed071100 {0 0 0};
    %end;
    .thread T_0;
    .scope S_0x55b4ed071100;
T_1 ;
    %pushi/vec4 1, 0, 1;
    %store/vec4 v0x55b4ed0b5980_0, 0, 1;
    %pushi/vec4 0, 0, 1;
    %store/vec4 v0x55b4ed0b5a40_0, 0, 1;
    %pushi/vec4 0, 0, 1;
    %store/vec4 v0x55b4ed0b5b10_0, 0, 1;
    %pushi/vec4 0, 0, 1;
    %store/vec4 v0x55b4ed0b5bd0_0, 0, 1;
    %delay 50, 0;
    %load/vec4 v0x55b4ed0b5980_0;
    %load/vec4 v0x55b4ed0b5a40_0;
    %or;
    %store/vec4 v0x55b4ed0b5b10_0, 0, 1;
    %load/vec4 v0x55b4ed0b5a40_0;
    %store/vec4 v0x55b4ed0b5bd0_0, 0, 1;
    %load/vec4 v0x55b4ed0b5bd0_0;
    %load/vec4 v0x55b4ed0b5a40_0;
    %and;
    %store/vec4 v0x55b4ed071280_0, 0, 1;
    %pushi/vec4 50, 0, 64;
    %ix/vec4 4;
    %delayx 4;
    %load/vec4 v0x55b4ed071280_0;
    %store/vec4 v0x55b4ed0b5b10_0, 0, 1;
    %delay 10, 0;
    %load/vec4 v0x55b4ed0b5980_0;
    %store/vec4 v0x55b4ed0b5bd0_0, 0, 1;
    %delay 20, 0;
    %end;
    .thread T_1;
# The file index is used to find the file name in the following table.
:file_names 3;
    "N/A";
    "<interactive>";
    "blocking.v";
