#! /usr/bin/vvp
:ivl_version "10.3 (stable)";
:ivl_delay_selection "TYPICAL";
:vpi_time_precision - 12;
:vpi_module "system";
:vpi_module "vhdl_sys";
:vpi_module "v2005_math";
:vpi_module "va_math";
S_0x55ad768be150 .scope module, "test" "test" 2 2;
 .timescale -9 -12;
v0x55ad768be2f0_0 .var "address", 2 0;
v0x55ad76903d30_0 .var "clk", 0 0;
v0x55ad76903df0_0 .var "data", 7 0;
v0x55ad76903eb0 .array "memory", 7 0, 7 0;
E_0x55ad768bea90 .event posedge, v0x55ad76903d30_0;
    .scope S_0x55ad768be150;
T_0 ;
    %pushi/vec4 0, 0, 1;
    %store/vec4 v0x55ad76903d30_0, 0, 1;
T_0.0 ;
    %delay 5000, 0;
    %load/vec4 v0x55ad76903d30_0;
    %nor/r;
    %store/vec4 v0x55ad76903d30_0, 0, 1;
    %jmp T_0.0;
    %end;
    .thread T_0;
    .scope S_0x55ad768be150;
T_1 ;
    %vpi_call 2 15 "$readmemb", "init.dat", v0x55ad76903eb0 {0 0 0};
    %vpi_call 2 16 "$dumpfile", "dump.vcd" {0 0 0};
    %vpi_call 2 17 "$dumpvars", 32'sb00000000000000000000000000000000, S_0x55ad768be150 {0 0 0};
    %pushi/vec4 0, 0, 3;
    %store/vec4 v0x55ad768be2f0_0, 0, 3;
    %end;
    .thread T_1;
    .scope S_0x55ad768be150;
T_2 ;
    %wait E_0x55ad768bea90;
    %load/vec4 v0x55ad768be2f0_0;
    %pad/u 5;
    %ix/vec4 4;
    %load/vec4a v0x55ad76903eb0, 4;
    %store/vec4 v0x55ad76903df0_0, 0, 8;
    %vpi_call 2 23 "$display", "Memory [%0d] = %b", v0x55ad768be2f0_0, v0x55ad76903df0_0 {0 0 0};
    %load/vec4 v0x55ad768be2f0_0;
    %addi 1, 0, 3;
    %store/vec4 v0x55ad768be2f0_0, 0, 3;
    %jmp T_2;
    .thread T_2;
    .scope S_0x55ad768be150;
T_3 ;
    %delay 100000, 0;
    %vpi_call 2 28 "$finish" {0 0 0};
    %end;
    .thread T_3;
# The file index is used to find the file name in the following table.
:file_names 3;
    "N/A";
    "<interactive>";
    "memory.v";
