#! /usr/bin/vvp
:ivl_version "10.3 (stable)";
:ivl_delay_selection "TYPICAL";
:vpi_time_precision + 0;
:vpi_module "system";
:vpi_module "vhdl_sys";
:vpi_module "v2005_math";
:vpi_module "va_math";
S_0x55bd5ae9e0d0 .scope module, "wires" "wires" 2 1;
 .timescale 0 0;
L_0x7f05e1ff4018 .functor BUFT 1, C4<1001>, C4<0>, C4<0>, C4<0>;
v0x55bd5ae9e250_0 .net "y", 3 0, L_0x7f05e1ff4018;  1 drivers
L_0x7f05e1ff4060 .functor BUFT 1, C4<1111>, C4<0>, C4<0>, C4<0>;
v0x55bd5aee0a70_0 .net "z", 3 0, L_0x7f05e1ff4060;  1 drivers
    .scope S_0x55bd5ae9e0d0;
T_0 ;
    %vpi_call 2 10 "$display", "y= %b", v0x55bd5ae9e250_0 {0 0 0};
    %vpi_call 2 11 "$display", "z= %b", v0x55bd5aee0a70_0 {0 0 0};
    %end;
    .thread T_0;
# The file index is used to find the file name in the following table.
:file_names 3;
    "N/A";
    "<interactive>";
    "q7_wire_reg.v";
