#! /usr/bin/vvp
:ivl_version "10.3 (stable)";
:ivl_delay_selection "TYPICAL";
:vpi_time_precision - 12;
:vpi_module "system";
:vpi_module "vhdl_sys";
:vpi_module "v2005_math";
:vpi_module "va_math";
S_0x561a9d177490 .scope module, "alu_test" "alu_test" 2 2;
 .timescale -9 -12;
v0x561a9d18daf0_0 .var "a", 39 0;
v0x561a9d18dbd0_0 .var "b", 39 0;
v0x561a9d18dca0_0 .var "clk", 0 0;
v0x561a9d18dda0_0 .net "out", 39 0, v0x561a9d18d890_0;  1 drivers
v0x561a9d18de70_0 .var "s", 4 0;
S_0x561a9d177610 .scope module, "uut" "alu" 2 9, 3 1 0, S_0x561a9d177490;
 .timescale 0 0;
    .port_info 0 /INPUT 40 "a"
    .port_info 1 /INPUT 40 "b"
    .port_info 2 /INPUT 5 "s"
    .port_info 3 /INPUT 1 "clk"
    .port_info 4 /OUTPUT 40 "out"
v0x561a9d13c0d0_0 .net "a", 39 0, v0x561a9d18daf0_0;  1 drivers
v0x561a9d18d3f0_0 .net "b", 39 0, v0x561a9d18dbd0_0;  1 drivers
v0x561a9d18d4d0_0 .var "c", 39 0;
v0x561a9d18d5c0_0 .net "clk", 0 0, v0x561a9d18dca0_0;  1 drivers
v0x561a9d18d680_0 .var "d", 39 0;
v0x561a9d18d7b0_0 .var/i "i", 31 0;
v0x561a9d18d890_0 .var "out", 39 0;
v0x561a9d18d970_0 .net "s", 4 0, v0x561a9d18de70_0;  1 drivers
E_0x561a9d171cd0 .event posedge, v0x561a9d18d5c0_0;
    .scope S_0x561a9d177610;
T_0 ;
    %wait E_0x561a9d171cd0;
    %load/vec4 v0x561a9d18d970_0;
    %cmpi/e 5, 0, 5;
    %jmp/0xz  T_0.0, 4;
    %load/vec4 v0x561a9d13c0d0_0;
    %load/vec4 v0x561a9d18d3f0_0;
    %add;
    %store/vec4 v0x561a9d18d890_0, 0, 40;
    %jmp T_0.1;
T_0.0 ;
    %load/vec4 v0x561a9d18d970_0;
    %cmpi/e 7, 0, 5;
    %jmp/0xz  T_0.2, 4;
    %pushi/vec4 0, 0, 40;
    %load/vec4 v0x561a9d18d3f0_0;
    %cmp/u;
    %jmp/0xz  T_0.4, 5;
    %load/vec4 v0x561a9d13c0d0_0;
    %load/vec4 v0x561a9d18d3f0_0;
    %add;
    %store/vec4 v0x561a9d18d890_0, 0, 40;
    %jmp T_0.5;
T_0.4 ;
    %load/vec4 v0x561a9d13c0d0_0;
    %load/vec4 v0x561a9d18d3f0_0;
    %sub;
    %store/vec4 v0x561a9d18d890_0, 0, 40;
T_0.5 ;
    %jmp T_0.3;
T_0.2 ;
    %load/vec4 v0x561a9d18d970_0;
    %cmpi/e 6, 0, 5;
    %jmp/0xz  T_0.6, 4;
    %load/vec4 v0x561a9d13c0d0_0;
    %load/vec4 v0x561a9d18d3f0_0;
    %sub;
    %store/vec4 v0x561a9d18d890_0, 0, 40;
    %jmp T_0.7;
T_0.6 ;
    %load/vec4 v0x561a9d18d970_0;
    %cmpi/e 8, 0, 5;
    %jmp/0xz  T_0.8, 4;
    %load/vec4 v0x561a9d13c0d0_0;
    %load/vec4 v0x561a9d18d3f0_0;
    %mul;
    %store/vec4 v0x561a9d18d890_0, 0, 40;
    %jmp T_0.9;
T_0.8 ;
    %load/vec4 v0x561a9d18d970_0;
    %cmpi/e 11, 0, 5;
    %jmp/0xz  T_0.10, 4;
    %load/vec4 v0x561a9d13c0d0_0;
    %load/vec4 v0x561a9d18d3f0_0;
    %div;
    %store/vec4 v0x561a9d18d890_0, 0, 40;
    %jmp T_0.11;
T_0.10 ;
    %load/vec4 v0x561a9d18d970_0;
    %cmpi/e 20, 0, 5;
    %jmp/0xz  T_0.12, 4;
    %pushi/vec4 0, 0, 32;
    %store/vec4 v0x561a9d18d7b0_0, 0, 32;
T_0.14 ;
    %load/vec4 v0x561a9d18d7b0_0;
    %cmpi/s 38, 0, 32;
    %jmp/0xz T_0.15, 5;
    %load/vec4 v0x561a9d13c0d0_0;
    %load/vec4 v0x561a9d18d7b0_0;
    %addi 2, 0, 32;
    %part/s 1;
    %ix/getv/s 4, v0x561a9d18d7b0_0;
    %store/vec4 v0x561a9d18d4d0_0, 4, 1;
    %pushi/vec4 0, 0, 1;
    %ix/load 4, 38, 0;
    %flag_set/imm 4, 0;
    %store/vec4 v0x561a9d18d4d0_0, 4, 1;
    %pushi/vec4 0, 0, 1;
    %ix/load 4, 39, 0;
    %flag_set/imm 4, 0;
    %store/vec4 v0x561a9d18d4d0_0, 4, 1;
    %load/vec4 v0x561a9d18d7b0_0;
    %pushi/vec4 1, 0, 32;
    %add;
    %store/vec4 v0x561a9d18d7b0_0, 0, 32;
    %jmp T_0.14;
T_0.15 ;
    %load/vec4 v0x561a9d18d4d0_0;
    %store/vec4 v0x561a9d18d890_0, 0, 40;
    %jmp T_0.13;
T_0.12 ;
    %load/vec4 v0x561a9d18d970_0;
    %cmpi/e 12, 0, 5;
    %jmp/0xz  T_0.16, 4;
    %pushi/vec4 0, 0, 32;
    %store/vec4 v0x561a9d18d7b0_0, 0, 32;
T_0.18 ;
    %load/vec4 v0x561a9d18d7b0_0;
    %cmpi/s 38, 0, 32;
    %jmp/0xz T_0.19, 5;
    %load/vec4 v0x561a9d13c0d0_0;
    %load/vec4 v0x561a9d18d7b0_0;
    %part/s 1;
    %load/vec4 v0x561a9d18d7b0_0;
    %addi 2, 0, 32;
    %ix/vec4/s 4;
    %store/vec4 v0x561a9d18d680_0, 4, 1;
    %pushi/vec4 0, 0, 1;
    %ix/load 4, 0, 0;
    %flag_set/imm 4, 0;
    %store/vec4 v0x561a9d18d680_0, 4, 1;
    %pushi/vec4 0, 0, 1;
    %ix/load 4, 1, 0;
    %flag_set/imm 4, 0;
    %store/vec4 v0x561a9d18d680_0, 4, 1;
    %load/vec4 v0x561a9d18d7b0_0;
    %pushi/vec4 1, 0, 32;
    %add;
    %store/vec4 v0x561a9d18d7b0_0, 0, 32;
    %jmp T_0.18;
T_0.19 ;
    %load/vec4 v0x561a9d18d680_0;
    %store/vec4 v0x561a9d18d890_0, 0, 40;
T_0.16 ;
T_0.13 ;
T_0.11 ;
T_0.9 ;
T_0.7 ;
T_0.3 ;
T_0.1 ;
    %jmp T_0;
    .thread T_0;
    .scope S_0x561a9d177490;
T_1 ;
    %vpi_call 2 12 "$dumpfile", "alua.vcd" {0 0 0};
    %vpi_call 2 13 "$dumpvars", 32'sb00000000000000000000000000000000, S_0x561a9d177490 {0 0 0};
    %pushi/vec4 11, 0, 40;
    %store/vec4 v0x561a9d18daf0_0, 0, 40;
    %pushi/vec4 3, 0, 40;
    %store/vec4 v0x561a9d18dbd0_0, 0, 40;
    %pushi/vec4 0, 0, 1;
    %store/vec4 v0x561a9d18dca0_0, 0, 1;
    %pushi/vec4 5, 0, 5;
    %store/vec4 v0x561a9d18de70_0, 0, 5;
    %end;
    .thread T_1;
    .scope S_0x561a9d177490;
T_2 ;
    %delay 3000, 0;
    %load/vec4 v0x561a9d18dca0_0;
    %inv;
    %store/vec4 v0x561a9d18dca0_0, 0, 1;
    %jmp T_2;
    .thread T_2;
    .scope S_0x561a9d177490;
T_3 ;
    %delay 10000, 0;
    %pushi/vec4 7, 0, 5;
    %store/vec4 v0x561a9d18de70_0, 0, 5;
    %delay 10000, 0;
    %pushi/vec4 6, 0, 5;
    %store/vec4 v0x561a9d18de70_0, 0, 5;
    %delay 10000, 0;
    %pushi/vec4 8, 0, 5;
    %store/vec4 v0x561a9d18de70_0, 0, 5;
    %delay 10000, 0;
    %pushi/vec4 11, 0, 5;
    %store/vec4 v0x561a9d18de70_0, 0, 5;
    %delay 10000, 0;
    %pushi/vec4 12, 0, 5;
    %store/vec4 v0x561a9d18de70_0, 0, 5;
    %delay 10000, 0;
    %pushi/vec4 20, 0, 5;
    %store/vec4 v0x561a9d18de70_0, 0, 5;
    %vpi_call 2 33 "$finish" {0 0 0};
    %end;
    .thread T_3;
# The file index is used to find the file name in the following table.
:file_names 4;
    "N/A";
    "<interactive>";
    "alu_test.v";
    "q6_alu.v";
