#! /usr/bin/vvp
:ivl_version "10.3 (stable)";
:ivl_delay_selection "TYPICAL";
:vpi_time_precision - 9;
:vpi_module "system";
:vpi_module "vhdl_sys";
:vpi_module "v2005_math";
:vpi_module "va_math";
S_0x55bdae68b5f0 .scope module, "tb" "tb" 2 3;
 .timescale -9 -9;
v0x55bdae6b2f80_0 .var "Cin", 0 0;
v0x55bdae6b3070_0 .net "Cout", 0 0, L_0x55bdae6b3800;  1 drivers
v0x55bdae6b3140_0 .var "D1", 0 0;
v0x55bdae6b3240_0 .var "D2", 0 0;
v0x55bdae6b3310_0 .net "Sum_out", 0 0, L_0x55bdae6b3990;  1 drivers
v0x55bdae6b3400_0 .var/i "i", 31 0;
v0x55bdae6b34a0_0 .var/i "j", 31 0;
v0x55bdae6b3540_0 .var/i "k", 31 0;
S_0x55bdae69bab0 .scope module, "M1" "Full_Adder" 2 7, 3 4 0, S_0x55bdae68b5f0;
 .timescale 0 0;
    .port_info 0 /INPUT 1 "D1"
    .port_info 1 /INPUT 1 "D2"
    .port_info 2 /INPUT 1 "Cin"
    .port_info 3 /OUTPUT 1 "Sum_out"
    .port_info 4 /OUTPUT 1 "Cout"
L_0x55bdae68b100 .functor XOR 1, v0x55bdae6b3140_0, v0x55bdae6b3240_0, C4<0>, C4<0>;
L_0x55bdae68b170 .functor AND 1, v0x55bdae6b3140_0, v0x55bdae6b3240_0, C4<1>, C4<1>;
L_0x55bdae6b36f0 .functor AND 1, L_0x55bdae68b100, v0x55bdae6b2f80_0, C4<1>, C4<1>;
L_0x55bdae6b3800 .functor OR 1, L_0x55bdae68b170, L_0x55bdae6b36f0, C4<0>, C4<0>;
L_0x55bdae6b3990 .functor XOR 1, L_0x55bdae68b100, v0x55bdae6b2f80_0, C4<0>, C4<0>;
v0x55bdae69bc80_0 .net "Cin", 0 0, v0x55bdae6b2f80_0;  1 drivers
v0x55bdae6b2350_0 .net "Cout", 0 0, L_0x55bdae6b3800;  alias, 1 drivers
v0x55bdae6b2410_0 .net "D1", 0 0, v0x55bdae6b3140_0;  1 drivers
v0x55bdae6b24e0_0 .net "D2", 0 0, v0x55bdae6b3240_0;  1 drivers
v0x55bdae6b25a0_0 .net "Sum_out", 0 0, L_0x55bdae6b3990;  alias, 1 drivers
v0x55bdae6b26b0_0 .net "a1", 0 0, L_0x55bdae68b100;  1 drivers
v0x55bdae6b2770_0 .net "a2", 0 0, L_0x55bdae68b170;  1 drivers
v0x55bdae6b2830_0 .net "a3", 0 0, L_0x55bdae6b36f0;  1 drivers
S_0x55bdae6b2990 .scope task, "delay" "delay" 2 9, 2 9 0, S_0x55bdae68b5f0;
 .timescale -9 -9;
TD_tb.delay ;
    %delay 10, 0;
    %end;
S_0x55bdae6b2b80 .scope task, "stimulus" "stimulus" 2 15, 2 15 0, S_0x55bdae68b5f0;
 .timescale -9 -9;
v0x55bdae6b2d50_0 .var "a", 0 0;
v0x55bdae6b2df0_0 .var "b", 0 0;
v0x55bdae6b2eb0_0 .var "c", 0 0;
TD_tb.stimulus ;
    %load/vec4 v0x55bdae6b2d50_0;
    %store/vec4 v0x55bdae6b3140_0, 0, 1;
    %load/vec4 v0x55bdae6b2df0_0;
    %store/vec4 v0x55bdae6b3240_0, 0, 1;
    %load/vec4 v0x55bdae6b2eb0_0;
    %store/vec4 v0x55bdae6b2f80_0, 0, 1;
    %end;
    .scope S_0x55bdae68b5f0;
T_2 ;
    %vpi_call 2 25 "$dumpfile", "dump.vcd" {0 0 0};
    %vpi_call 2 26 "$dumpvars", 32'sb00000000000000000000000000000000, S_0x55bdae68b5f0 {0 0 0};
    %pushi/vec4 0, 0, 32;
    %store/vec4 v0x55bdae6b3400_0, 0, 32;
T_2.0 ;
    %load/vec4 v0x55bdae6b3400_0;
    %cmpi/s 2, 0, 32;
    %jmp/0xz T_2.1, 5;
    %pushi/vec4 0, 0, 32;
    %store/vec4 v0x55bdae6b34a0_0, 0, 32;
T_2.2 ;
    %load/vec4 v0x55bdae6b34a0_0;
    %cmpi/s 2, 0, 32;
    %jmp/0xz T_2.3, 5;
    %pushi/vec4 0, 0, 32;
    %store/vec4 v0x55bdae6b3540_0, 0, 32;
T_2.4 ;
    %load/vec4 v0x55bdae6b3540_0;
    %cmpi/s 2, 0, 32;
    %jmp/0xz T_2.5, 5;
    %load/vec4 v0x55bdae6b34a0_0;
    %pad/s 1;
    %store/vec4 v0x55bdae6b2d50_0, 0, 1;
    %load/vec4 v0x55bdae6b3540_0;
    %pad/s 1;
    %store/vec4 v0x55bdae6b2df0_0, 0, 1;
    %load/vec4 v0x55bdae6b3400_0;
    %pad/s 1;
    %store/vec4 v0x55bdae6b2eb0_0, 0, 1;
    %fork TD_tb.stimulus, S_0x55bdae6b2b80;
    %join;
    %fork TD_tb.delay, S_0x55bdae6b2990;
    %join;
    %load/vec4 v0x55bdae6b3540_0;
    %addi 1, 0, 32;
    %store/vec4 v0x55bdae6b3540_0, 0, 32;
    %jmp T_2.4;
T_2.5 ;
    %load/vec4 v0x55bdae6b34a0_0;
    %addi 1, 0, 32;
    %store/vec4 v0x55bdae6b34a0_0, 0, 32;
    %jmp T_2.2;
T_2.3 ;
    %load/vec4 v0x55bdae6b3400_0;
    %addi 1, 0, 32;
    %store/vec4 v0x55bdae6b3400_0, 0, 32;
    %jmp T_2.0;
T_2.1 ;
    %vpi_call 2 36 "$finish" {0 0 0};
    %end;
    .thread T_2;
    .scope S_0x55bdae68b5f0;
T_3 ;
    %vpi_call 2 39 "$monitor", "D1 = %b, D2 = %b, Cin = %b, Cout = %b, Sum_out = %b", v0x55bdae6b3140_0, v0x55bdae6b3240_0, v0x55bdae6b2f80_0, v0x55bdae6b3070_0, v0x55bdae6b3310_0 {0 0 0};
    %end;
    .thread T_3;
# The file index is used to find the file name in the following table.
:file_names 4;
    "N/A";
    "<interactive>";
    "tb.v";
    "Full_Adder.v";
