#! /usr/bin/vvp
:ivl_version "10.3 (stable)";
:ivl_delay_selection "TYPICAL";
:vpi_time_precision + 0;
:vpi_module "system";
:vpi_module "vhdl_sys";
:vpi_module "v2005_math";
:vpi_module "va_math";
S_0x56507fbdd160 .scope module, "nBlocking" "nBlocking" 2 1;
 .timescale 0 0;
v0x56507fbdd300_0 .var "a", 0 0;
v0x56507fc22390_0 .var "b", 0 0;
v0x56507fc22450_0 .var "c", 0 0;
v0x56507fc224f0_0 .var "clock", 0 0;
v0x56507fc225b0_0 .var "d", 0 0;
E_0x56507fbdd710 .event posedge, v0x56507fc224f0_0;
    .scope S_0x56507fbdd160;
T_0 ;
    %pushi/vec4 0, 0, 1;
    %store/vec4 v0x56507fc224f0_0, 0, 1;
    %vpi_call 2 10 "$dumpfile", "nonblocking.vcd" {0 0 0};
    %vpi_call 2 11 "$dumpvars", 32'sb00000000000000000000000000000000, S_0x56507fbdd160 {0 0 0};
    %end;
    .thread T_0;
    .scope S_0x56507fbdd160;
T_1 ;
    %delay 3, 0;
    %load/vec4 v0x56507fc224f0_0;
    %inv;
    %store/vec4 v0x56507fc224f0_0, 0, 1;
    %jmp T_1;
    .thread T_1;
    .scope S_0x56507fbdd160;
T_2 ;
    %wait E_0x56507fbdd710;
    %pushi/vec4 1, 0, 1;
    %assign/vec4 v0x56507fbdd300_0, 0;
    %pushi/vec4 0, 0, 1;
    %assign/vec4 v0x56507fc22390_0, 0;
    %pushi/vec4 1, 0, 1;
    %assign/vec4 v0x56507fc22450_0, 0;
    %pushi/vec4 0, 0, 1;
    %assign/vec4 v0x56507fc225b0_0, 0;
    %delay 10, 0;
    %load/vec4 v0x56507fbdd300_0;
    %assign/vec4 v0x56507fc22390_0, 0;
    %load/vec4 v0x56507fc22390_0;
    %assign/vec4 v0x56507fc22450_0, 0;
    %load/vec4 v0x56507fc22450_0;
    %assign/vec4 v0x56507fc225b0_0, 0;
    %load/vec4 v0x56507fc225b0_0;
    %assign/vec4 v0x56507fbdd300_0, 0;
    %delay 10, 0;
    %vpi_call 2 38 "$finish" {0 0 0};
    %jmp T_2;
    .thread T_2;
# The file index is used to find the file name in the following table.
:file_names 3;
    "N/A";
    "<interactive>";
    "shift_reg_nonblocking.v";
