#! /usr/bin/vvp
:ivl_version "10.3 (stable)";
:ivl_delay_selection "TYPICAL";
:vpi_time_precision + 0;
:vpi_module "system";
:vpi_module "vhdl_sys";
:vpi_module "v2005_math";
:vpi_module "va_math";
S_0x5607d0d6e0e0 .scope module, "q2_tb" "q2_tb" 2 44;
 .timescale 0 0;
v0x5607d0d88e20_0 .var "a0", 0 0;
v0x5607d0d88f30_0 .var "a1", 0 0;
v0x5607d0d89040_0 .var "b0", 1 0;
v0x5607d0d890e0_0 .var "b1", 1 0;
v0x5607d0d891c0_0 .var "cai", 0 0;
v0x5607d0d89300_0 .net "cao", 0 0, v0x5607d0d88720_0;  1 drivers
v0x5607d0d893f0_0 .var "cbi", 0 0;
v0x5607d0d894b0_0 .net "s_a", 0 0, v0x5607d0d887e0_0;  1 drivers
S_0x5607d0d6e260 .scope module, "uut1" "generate_adder" 2 61, 2 25 0, S_0x5607d0d6e0e0;
 .timescale 0 0;
    .port_info 0 /OUTPUT 1 "co"
    .port_info 1 /OUTPUT 1 "sum"
    .port_info 2 /INPUT 1 "a0"
    .port_info 3 /INPUT 1 "a1"
    .port_info 4 /INPUT 1 "ci"
P_0x5607d0d6e430 .param/l "N" 0 2 25, +C4<00000000000000000000000000000001>;
v0x5607d0d88990_0 .net "a0", 0 0, v0x5607d0d88e20_0;  1 drivers
v0x5607d0d88a70_0 .net "a1", 0 0, v0x5607d0d88f30_0;  1 drivers
v0x5607d0d88b10_0 .net "ci", 0 0, v0x5607d0d891c0_0;  1 drivers
v0x5607d0d88c10_0 .net "co", 0 0, v0x5607d0d88720_0;  alias, 1 drivers
v0x5607d0d88ce0_0 .net "sum", 0 0, v0x5607d0d887e0_0;  alias, 1 drivers
S_0x5607d0d6fb30 .scope generate, "genblk1" "genblk1" 2 31, 2 31 0, S_0x5607d0d6e260;
 .timescale 0 0;
S_0x5607d0d6fd00 .scope module, "adder1" "adder_1bit" 2 32, 2 2 0, S_0x5607d0d6fb30;
 .timescale 0 0;
    .port_info 0 /OUTPUT 1 "co"
    .port_info 1 /OUTPUT 1 "sum"
    .port_info 2 /INPUT 1 "a0"
    .port_info 3 /INPUT 1 "a1"
    .port_info 4 /INPUT 1 "ci"
v0x5607d0d724e0_0 .net "a0", 0 0, v0x5607d0d88e20_0;  alias, 1 drivers
v0x5607d0d885c0_0 .net "a1", 0 0, v0x5607d0d88f30_0;  alias, 1 drivers
v0x5607d0d88680_0 .net "ci", 0 0, v0x5607d0d891c0_0;  alias, 1 drivers
v0x5607d0d88720_0 .var "co", 0 0;
v0x5607d0d887e0_0 .var "sum", 0 0;
E_0x5607d0d38b40 .event edge, v0x5607d0d724e0_0, v0x5607d0d885c0_0, v0x5607d0d88680_0;
    .scope S_0x5607d0d6fd00;
T_0 ;
    %wait E_0x5607d0d38b40;
    %load/vec4 v0x5607d0d724e0_0;
    %pad/u 2;
    %load/vec4 v0x5607d0d885c0_0;
    %pad/u 2;
    %add;
    %load/vec4 v0x5607d0d88680_0;
    %pad/u 2;
    %add;
    %split/vec4 1;
    %store/vec4 v0x5607d0d887e0_0, 0, 1;
    %store/vec4 v0x5607d0d88720_0, 0, 1;
    %jmp T_0;
    .thread T_0, $push;
    .scope S_0x5607d0d6e0e0;
T_1 ;
    %vpi_call 2 67 "$dumpfile", "q2_out.vcd" {0 0 0};
    %vpi_call 2 68 "$dumpvars", 32'sb00000000000000000000000000000000, S_0x5607d0d6e0e0 {0 0 0};
    %pushi/vec4 0, 0, 1;
    %store/vec4 v0x5607d0d88e20_0, 0, 1;
    %pushi/vec4 0, 0, 1;
    %store/vec4 v0x5607d0d88f30_0, 0, 1;
    %pushi/vec4 0, 0, 1;
    %store/vec4 v0x5607d0d891c0_0, 0, 1;
    %delay 10, 0;
    %pushi/vec4 1, 0, 1;
    %store/vec4 v0x5607d0d88e20_0, 0, 1;
    %pushi/vec4 0, 0, 1;
    %store/vec4 v0x5607d0d88f30_0, 0, 1;
    %pushi/vec4 0, 0, 1;
    %store/vec4 v0x5607d0d891c0_0, 0, 1;
    %delay 10, 0;
    %pushi/vec4 0, 0, 1;
    %store/vec4 v0x5607d0d88e20_0, 0, 1;
    %pushi/vec4 1, 0, 1;
    %store/vec4 v0x5607d0d88f30_0, 0, 1;
    %pushi/vec4 1, 0, 1;
    %store/vec4 v0x5607d0d891c0_0, 0, 1;
    %delay 10, 0;
    %end;
    .thread T_1;
    .scope S_0x5607d0d6e0e0;
T_2 ;
    %pushi/vec4 0, 0, 2;
    %store/vec4 v0x5607d0d89040_0, 0, 2;
    %pushi/vec4 1, 0, 2;
    %store/vec4 v0x5607d0d890e0_0, 0, 2;
    %pushi/vec4 0, 0, 1;
    %store/vec4 v0x5607d0d893f0_0, 0, 1;
    %delay 10, 0;
    %pushi/vec4 1, 0, 2;
    %store/vec4 v0x5607d0d89040_0, 0, 2;
    %pushi/vec4 1, 0, 2;
    %store/vec4 v0x5607d0d890e0_0, 0, 2;
    %pushi/vec4 1, 0, 1;
    %store/vec4 v0x5607d0d893f0_0, 0, 1;
    %delay 10, 0;
    %pushi/vec4 3, 0, 2;
    %store/vec4 v0x5607d0d89040_0, 0, 2;
    %pushi/vec4 3, 0, 2;
    %store/vec4 v0x5607d0d890e0_0, 0, 2;
    %pushi/vec4 0, 0, 1;
    %store/vec4 v0x5607d0d893f0_0, 0, 1;
    %delay 10, 0;
    %end;
    .thread T_2;
# The file index is used to find the file name in the following table.
:file_names 3;
    "N/A";
    "<interactive>";
    "q5_adder_generate.v";
