#! /usr/bin/vvp
:ivl_version "10.3 (stable)";
:ivl_delay_selection "TYPICAL";
:vpi_time_precision - 12;
:vpi_module "system";
:vpi_module "vhdl_sys";
:vpi_module "v2005_math";
:vpi_module "va_math";
S_0x561d419af1b0 .scope module, "tb_mux" "tb_mux" 2 2;
 .timescale -9 -12;
v0x561d419e4970_0 .var "Data_in_0", 0 0;
v0x561d419e4a30_0 .var "Data_in_1", 0 0;
v0x561d419e4b00_0 .net "Data_out", 0 0, L_0x561d419e4f90;  1 drivers
v0x561d419e4c00_0 .var "sel", 0 0;
S_0x561d419d05b0 .scope module, "namexyz" "mux2" 2 15, 3 3 0, S_0x561d419af1b0;
 .timescale 0 0;
    .port_info 0 /INPUT 1 "in0"
    .port_info 1 /INPUT 1 "in1"
    .port_info 2 /INPUT 1 "select"
    .port_info 3 /OUTPUT 1 "out"
L_0x561d419e4cd0 .functor NOT 1, v0x561d419e4c00_0, C4<0>, C4<0>, C4<0>;
L_0x561d419e4dc0 .functor AND 1, L_0x561d419e4cd0, v0x561d419e4970_0, C4<1>, C4<1>;
L_0x561d419e4ed0 .functor AND 1, v0x561d419e4c00_0, v0x561d419e4a30_0, C4<1>, C4<1>;
L_0x561d419e4f90 .functor OR 1, L_0x561d419e4dc0, L_0x561d419e4ed0, C4<0>, C4<0>;
v0x561d419af330_0 .net "in0", 0 0, v0x561d419e4970_0;  1 drivers
v0x561d419e4410_0 .net "in1", 0 0, v0x561d419e4a30_0;  1 drivers
v0x561d419e44d0_0 .net "out", 0 0, L_0x561d419e4f90;  alias, 1 drivers
v0x561d419e45a0_0 .net "s0", 0 0, L_0x561d419e4cd0;  1 drivers
v0x561d419e4660_0 .net "select", 0 0, v0x561d419e4c00_0;  1 drivers
v0x561d419e4770_0 .net "w0", 0 0, L_0x561d419e4dc0;  1 drivers
v0x561d419e4830_0 .net "w1", 0 0, L_0x561d419e4ed0;  1 drivers
    .scope S_0x561d419af1b0;
T_0 ;
    %vpi_call 2 36 "$dumpfile", "mux_out.vcd" {0 0 0};
    %vpi_call 2 37 "$dumpvars", 32'sb00000000000000000000000000000000, S_0x561d419af1b0 {0 0 0};
    %pushi/vec4 0, 0, 1;
    %store/vec4 v0x561d419e4970_0, 0, 1;
    %pushi/vec4 0, 0, 1;
    %store/vec4 v0x561d419e4a30_0, 0, 1;
    %pushi/vec4 0, 0, 1;
    %store/vec4 v0x561d419e4c00_0, 0, 1;
    %delay 50000, 0;
    %pushi/vec4 0, 0, 1;
    %store/vec4 v0x561d419e4970_0, 0, 1;
    %pushi/vec4 0, 0, 1;
    %store/vec4 v0x561d419e4a30_0, 0, 1;
    %pushi/vec4 1, 0, 1;
    %store/vec4 v0x561d419e4c00_0, 0, 1;
    %delay 10000, 0;
    %pushi/vec4 0, 0, 1;
    %store/vec4 v0x561d419e4970_0, 0, 1;
    %pushi/vec4 1, 0, 1;
    %store/vec4 v0x561d419e4a30_0, 0, 1;
    %pushi/vec4 0, 0, 1;
    %store/vec4 v0x561d419e4c00_0, 0, 1;
    %delay 10000, 0;
    %pushi/vec4 0, 0, 1;
    %store/vec4 v0x561d419e4970_0, 0, 1;
    %pushi/vec4 1, 0, 1;
    %store/vec4 v0x561d419e4a30_0, 0, 1;
    %pushi/vec4 1, 0, 1;
    %store/vec4 v0x561d419e4c00_0, 0, 1;
    %delay 10000, 0;
    %pushi/vec4 1, 0, 1;
    %store/vec4 v0x561d419e4970_0, 0, 1;
    %pushi/vec4 0, 0, 1;
    %store/vec4 v0x561d419e4a30_0, 0, 1;
    %pushi/vec4 0, 0, 1;
    %store/vec4 v0x561d419e4c00_0, 0, 1;
    %delay 50000, 0;
    %pushi/vec4 1, 0, 1;
    %store/vec4 v0x561d419e4970_0, 0, 1;
    %pushi/vec4 0, 0, 1;
    %store/vec4 v0x561d419e4a30_0, 0, 1;
    %pushi/vec4 1, 0, 1;
    %store/vec4 v0x561d419e4c00_0, 0, 1;
    %delay 10000, 0;
    %pushi/vec4 1, 0, 1;
    %store/vec4 v0x561d419e4970_0, 0, 1;
    %pushi/vec4 1, 0, 1;
    %store/vec4 v0x561d419e4a30_0, 0, 1;
    %pushi/vec4 0, 0, 1;
    %store/vec4 v0x561d419e4c00_0, 0, 1;
    %delay 10000, 0;
    %pushi/vec4 1, 0, 1;
    %store/vec4 v0x561d419e4970_0, 0, 1;
    %pushi/vec4 1, 0, 1;
    %store/vec4 v0x561d419e4a30_0, 0, 1;
    %pushi/vec4 1, 0, 1;
    %store/vec4 v0x561d419e4c00_0, 0, 1;
    %delay 10000, 0;
    %vpi_call 2 55 "$finish" {0 0 0};
    %end;
    .thread T_0;
# The file index is used to find the file name in the following table.
:file_names 4;
    "N/A";
    "<interactive>";
    "mux2_testbench.v";
    "structural_mux2.v";
