#! /usr/bin/vvp
:ivl_version "10.3 (stable)";
:ivl_delay_selection "TYPICAL";
:vpi_time_precision - 12;
:vpi_module "system";
:vpi_module "vhdl_sys";
:vpi_module "v2005_math";
:vpi_module "va_math";
S_0x55bb19069fe0 .scope module, "dflipfloptb" "dflipfloptb" 2 1;
 .timescale -9 -12;
v0x55bb1907af30_0 .var "clk", 0 0;
v0x55bb1907aff0_0 .var "d", 0 0;
v0x55bb1907b0c0_0 .net "q", 0 0, v0x55bb1907acf0_0;  1 drivers
v0x55bb1907b1c0_0 .var "rst", 0 0;
S_0x55bb1906a160 .scope module, "uut" "dflipflop" 2 10, 3 7 0, S_0x55bb19069fe0;
 .timescale -9 -12;
    .port_info 0 /OUTPUT 1 "q"
    .port_info 1 /INPUT 1 "d"
    .port_info 2 /INPUT 1 "clk"
    .port_info 3 /INPUT 1 "rst"
v0x55bb19034050_0 .net "clk", 0 0, v0x55bb1907af30_0;  1 drivers
v0x55bb1907ac30_0 .net "d", 0 0, v0x55bb1907aff0_0;  1 drivers
v0x55bb1907acf0_0 .var "q", 0 0;
v0x55bb1907adc0_0 .net "rst", 0 0, v0x55bb1907b1c0_0;  1 drivers
E_0x55bb1906a920 .event posedge, v0x55bb19034050_0;
    .scope S_0x55bb1906a160;
T_0 ;
    %wait E_0x55bb1906a920;
    %load/vec4 v0x55bb1907adc0_0;
    %flag_set/vec4 8;
    %jmp/0xz  T_0.0, 8;
    %pushi/vec4 0, 0, 1;
    %store/vec4 v0x55bb1907acf0_0, 0, 1;
    %jmp T_0.1;
T_0.0 ;
    %load/vec4 v0x55bb1907ac30_0;
    %store/vec4 v0x55bb1907acf0_0, 0, 1;
T_0.1 ;
    %jmp T_0;
    .thread T_0;
    .scope S_0x55bb19069fe0;
T_1 ;
    %vpi_call 2 16 "$dumpfile", "dff_out.vcd" {0 0 0};
    %vpi_call 2 17 "$dumpvars", 32'sb00000000000000000000000000000000, S_0x55bb19069fe0 {0 0 0};
    %pushi/vec4 0, 0, 1;
    %store/vec4 v0x55bb1907aff0_0, 0, 1;
    %pushi/vec4 0, 0, 1;
    %store/vec4 v0x55bb1907af30_0, 0, 1;
    %pushi/vec4 1, 0, 1;
    %store/vec4 v0x55bb1907b1c0_0, 0, 1;
    %delay 5000, 0;
    %pushi/vec4 0, 0, 1;
    %store/vec4 v0x55bb1907b1c0_0, 0, 1;
    %delay 5000, 0;
    %pushi/vec4 1, 0, 1;
    %store/vec4 v0x55bb1907b1c0_0, 0, 1;
    %delay 6000, 0;
    %pushi/vec4 0, 0, 1;
    %store/vec4 v0x55bb1907b1c0_0, 0, 1;
    %end;
    .thread T_1;
    .scope S_0x55bb19069fe0;
T_2 ;
    %delay 3000, 0;
    %load/vec4 v0x55bb1907af30_0;
    %inv;
    %store/vec4 v0x55bb1907af30_0, 0, 1;
    %jmp T_2;
    .thread T_2;
    .scope S_0x55bb19069fe0;
T_3 ;
    %delay 5000, 0;
    %load/vec4 v0x55bb1907aff0_0;
    %inv;
    %store/vec4 v0x55bb1907aff0_0, 0, 1;
    %jmp T_3;
    .thread T_3;
# The file index is used to find the file name in the following table.
:file_names 4;
    "N/A";
    "<interactive>";
    "dflipfloptb.v";
    "dff.v";
