#! /usr/bin/vvp
:ivl_version "10.3 (stable)";
:ivl_delay_selection "TYPICAL";
:vpi_time_precision - 9;
:vpi_module "system";
:vpi_module "vhdl_sys";
:vpi_module "v2005_math";
:vpi_module "va_math";
S_0x559bd9e98670 .scope module, "tb" "tb" 2 3;
 .timescale -9 -9;
v0x559bd9ecab10_0 .var "a", 3 0;
v0x559bd9ecac20_0 .var "b", 3 0;
v0x559bd9ecacf0_0 .var "cin", 0 0;
v0x559bd9ecae10_0 .net "cout", 0 0, L_0x559bd9ecc9a0;  1 drivers
v0x559bd9ecaf00_0 .var/i "i", 31 0;
v0x559bd9ecaff0_0 .var/i "j", 31 0;
v0x559bd9ecb0d0_0 .var/i "k", 31 0;
v0x559bd9ecb1b0_0 .net "sum", 3 0, L_0x559bd9eccee0;  1 drivers
S_0x559bd9e9bf50 .scope module, "M0" "rca4" 2 9, 3 3 0, S_0x559bd9e98670;
 .timescale 0 0;
    .port_info 0 /INPUT 4 "a"
    .port_info 1 /INPUT 4 "b"
    .port_info 2 /INPUT 1 "cin"
    .port_info 3 /OUTPUT 4 "sum"
    .port_info 4 /OUTPUT 1 "cout"
v0x559bd9ec9f10_0 .net "a", 3 0, v0x559bd9ecab10_0;  1 drivers
v0x559bd9eca010_0 .net "b", 3 0, v0x559bd9ecac20_0;  1 drivers
v0x559bd9eca0f0_0 .net "c", 2 0, L_0x559bd9ecc620;  1 drivers
v0x559bd9eca1b0_0 .net "cin", 0 0, v0x559bd9ecacf0_0;  1 drivers
v0x559bd9eca280_0 .net "cout", 0 0, L_0x559bd9ecc9a0;  alias, 1 drivers
v0x559bd9eca370_0 .net "sum", 3 0, L_0x559bd9eccee0;  alias, 1 drivers
L_0x559bd9ecb5e0 .part v0x559bd9ecab10_0, 0, 1;
L_0x559bd9ecb680 .part v0x559bd9ecac20_0, 0, 1;
L_0x559bd9ecbbb0 .part v0x559bd9ecab10_0, 1, 1;
L_0x559bd9ecbc50 .part v0x559bd9ecac20_0, 1, 1;
L_0x559bd9ecbd20 .part L_0x559bd9ecc620, 0, 1;
L_0x559bd9ecc290 .part v0x559bd9ecab10_0, 2, 1;
L_0x559bd9ecc400 .part v0x559bd9ecac20_0, 2, 1;
L_0x559bd9ecc530 .part L_0x559bd9ecc620, 1, 1;
L_0x559bd9ecc620 .concat8 [ 1 1 1 0], L_0x559bd9ecb430, L_0x559bd9ecb9b0, L_0x559bd9ecc090;
L_0x559bd9eccba0 .part v0x559bd9ecab10_0, 3, 1;
L_0x559bd9eccca0 .part v0x559bd9ecac20_0, 3, 1;
L_0x559bd9eccd40 .part L_0x559bd9ecc620, 2, 1;
L_0x559bd9eccee0 .concat8 [ 1 1 1 1], L_0x559bd9ecb570, L_0x559bd9ecbaf0, L_0x559bd9ecc1d0, L_0x559bd9eccae0;
S_0x559bd9e9bb60 .scope module, "M0" "full_Adder" 3 11, 4 2 0, S_0x559bd9e9bf50;
 .timescale 0 0;
    .port_info 0 /INPUT 1 "D1"
    .port_info 1 /INPUT 1 "D2"
    .port_info 2 /INPUT 1 "Cin"
    .port_info 3 /OUTPUT 1 "Sum_out"
    .port_info 4 /OUTPUT 1 "Cout"
L_0x559bd9e9e960 .functor XOR 1, L_0x559bd9ecb5e0, L_0x559bd9ecb680, C4<0>, C4<0>;
L_0x559bd9e9e9d0 .functor AND 1, L_0x559bd9ecb5e0, L_0x559bd9ecb680, C4<1>, C4<1>;
L_0x559bd9ecb370 .functor AND 1, L_0x559bd9e9e960, v0x559bd9ecacf0_0, C4<1>, C4<1>;
L_0x559bd9ecb430 .functor OR 1, L_0x559bd9e9e9d0, L_0x559bd9ecb370, C4<0>, C4<0>;
L_0x559bd9ecb570 .functor XOR 1, L_0x559bd9e9e960, v0x559bd9ecacf0_0, C4<0>, C4<0>;
v0x559bd9e9c360_0 .net "Cin", 0 0, v0x559bd9ecacf0_0;  alias, 1 drivers
v0x559bd9e9abb0_0 .net "Cout", 0 0, L_0x559bd9ecb430;  1 drivers
v0x559bd9e99250_0 .net "D1", 0 0, L_0x559bd9ecb5e0;  1 drivers
v0x559bd9e97890_0 .net "D2", 0 0, L_0x559bd9ecb680;  1 drivers
v0x559bd9ec8020_0 .net "Sum_out", 0 0, L_0x559bd9ecb570;  1 drivers
v0x559bd9ec8130_0 .net "a1", 0 0, L_0x559bd9e9e960;  1 drivers
v0x559bd9ec81f0_0 .net "a2", 0 0, L_0x559bd9e9e9d0;  1 drivers
v0x559bd9ec82b0_0 .net "a3", 0 0, L_0x559bd9ecb370;  1 drivers
S_0x559bd9ec8410 .scope module, "M1" "full_Adder" 3 12, 4 2 0, S_0x559bd9e9bf50;
 .timescale 0 0;
    .port_info 0 /INPUT 1 "D1"
    .port_info 1 /INPUT 1 "D2"
    .port_info 2 /INPUT 1 "Cin"
    .port_info 3 /OUTPUT 1 "Sum_out"
    .port_info 4 /OUTPUT 1 "Cout"
L_0x559bd9ecb770 .functor XOR 1, L_0x559bd9ecbbb0, L_0x559bd9ecbc50, C4<0>, C4<0>;
L_0x559bd9ecb7e0 .functor AND 1, L_0x559bd9ecbbb0, L_0x559bd9ecbc50, C4<1>, C4<1>;
L_0x559bd9ecb8f0 .functor AND 1, L_0x559bd9ecb770, L_0x559bd9ecbd20, C4<1>, C4<1>;
L_0x559bd9ecb9b0 .functor OR 1, L_0x559bd9ecb7e0, L_0x559bd9ecb8f0, C4<0>, C4<0>;
L_0x559bd9ecbaf0 .functor XOR 1, L_0x559bd9ecb770, L_0x559bd9ecbd20, C4<0>, C4<0>;
v0x559bd9ec8600_0 .net "Cin", 0 0, L_0x559bd9ecbd20;  1 drivers
v0x559bd9ec86c0_0 .net "Cout", 0 0, L_0x559bd9ecb9b0;  1 drivers
v0x559bd9ec8780_0 .net "D1", 0 0, L_0x559bd9ecbbb0;  1 drivers
v0x559bd9ec8820_0 .net "D2", 0 0, L_0x559bd9ecbc50;  1 drivers
v0x559bd9ec88e0_0 .net "Sum_out", 0 0, L_0x559bd9ecbaf0;  1 drivers
v0x559bd9ec89f0_0 .net "a1", 0 0, L_0x559bd9ecb770;  1 drivers
v0x559bd9ec8ab0_0 .net "a2", 0 0, L_0x559bd9ecb7e0;  1 drivers
v0x559bd9ec8b70_0 .net "a3", 0 0, L_0x559bd9ecb8f0;  1 drivers
S_0x559bd9ec8cd0 .scope module, "M2" "full_Adder" 3 13, 4 2 0, S_0x559bd9e9bf50;
 .timescale 0 0;
    .port_info 0 /INPUT 1 "D1"
    .port_info 1 /INPUT 1 "D2"
    .port_info 2 /INPUT 1 "Cin"
    .port_info 3 /OUTPUT 1 "Sum_out"
    .port_info 4 /OUTPUT 1 "Cout"
L_0x559bd9ecbdc0 .functor XOR 1, L_0x559bd9ecc290, L_0x559bd9ecc400, C4<0>, C4<0>;
L_0x559bd9ecbe90 .functor AND 1, L_0x559bd9ecc290, L_0x559bd9ecc400, C4<1>, C4<1>;
L_0x559bd9ecbfd0 .functor AND 1, L_0x559bd9ecbdc0, L_0x559bd9ecc530, C4<1>, C4<1>;
L_0x559bd9ecc090 .functor OR 1, L_0x559bd9ecbe90, L_0x559bd9ecbfd0, C4<0>, C4<0>;
L_0x559bd9ecc1d0 .functor XOR 1, L_0x559bd9ecbdc0, L_0x559bd9ecc530, C4<0>, C4<0>;
v0x559bd9ec8ea0_0 .net "Cin", 0 0, L_0x559bd9ecc530;  1 drivers
v0x559bd9ec8f60_0 .net "Cout", 0 0, L_0x559bd9ecc090;  1 drivers
v0x559bd9ec9020_0 .net "D1", 0 0, L_0x559bd9ecc290;  1 drivers
v0x559bd9ec90f0_0 .net "D2", 0 0, L_0x559bd9ecc400;  1 drivers
v0x559bd9ec91b0_0 .net "Sum_out", 0 0, L_0x559bd9ecc1d0;  1 drivers
v0x559bd9ec92c0_0 .net "a1", 0 0, L_0x559bd9ecbdc0;  1 drivers
v0x559bd9ec9380_0 .net "a2", 0 0, L_0x559bd9ecbe90;  1 drivers
v0x559bd9ec9440_0 .net "a3", 0 0, L_0x559bd9ecbfd0;  1 drivers
S_0x559bd9ec95a0 .scope module, "M3" "full_Adder" 3 14, 4 2 0, S_0x559bd9e9bf50;
 .timescale 0 0;
    .port_info 0 /INPUT 1 "D1"
    .port_info 1 /INPUT 1 "D2"
    .port_info 2 /INPUT 1 "Cin"
    .port_info 3 /OUTPUT 1 "Sum_out"
    .port_info 4 /OUTPUT 1 "Cout"
L_0x559bd9ecc760 .functor XOR 1, L_0x559bd9eccba0, L_0x559bd9eccca0, C4<0>, C4<0>;
L_0x559bd9ecc7d0 .functor AND 1, L_0x559bd9eccba0, L_0x559bd9eccca0, C4<1>, C4<1>;
L_0x559bd9ecc8e0 .functor AND 1, L_0x559bd9ecc760, L_0x559bd9eccd40, C4<1>, C4<1>;
L_0x559bd9ecc9a0 .functor OR 1, L_0x559bd9ecc7d0, L_0x559bd9ecc8e0, C4<0>, C4<0>;
L_0x559bd9eccae0 .functor XOR 1, L_0x559bd9ecc760, L_0x559bd9eccd40, C4<0>, C4<0>;
v0x559bd9ec97f0_0 .net "Cin", 0 0, L_0x559bd9eccd40;  1 drivers
v0x559bd9ec98d0_0 .net "Cout", 0 0, L_0x559bd9ecc9a0;  alias, 1 drivers
v0x559bd9ec9990_0 .net "D1", 0 0, L_0x559bd9eccba0;  1 drivers
v0x559bd9ec9a60_0 .net "D2", 0 0, L_0x559bd9eccca0;  1 drivers
v0x559bd9ec9b20_0 .net "Sum_out", 0 0, L_0x559bd9eccae0;  1 drivers
v0x559bd9ec9c30_0 .net "a1", 0 0, L_0x559bd9ecc760;  1 drivers
v0x559bd9ec9cf0_0 .net "a2", 0 0, L_0x559bd9ecc7d0;  1 drivers
v0x559bd9ec9db0_0 .net "a3", 0 0, L_0x559bd9ecc8e0;  1 drivers
S_0x559bd9eca4e0 .scope task, "delay" "delay" 2 11, 2 11 0, S_0x559bd9e98670;
 .timescale -9 -9;
TD_tb.delay ;
    %delay 10, 0;
    %end;
S_0x559bd9eca6d0 .scope task, "stimulus" "stimulus" 2 17, 2 17 0, S_0x559bd9e98670;
 .timescale -9 -9;
v0x559bd9eca8a0_0 .var "a1", 3 0;
v0x559bd9eca960_0 .var "b1", 3 0;
v0x559bd9ecaa40_0 .var "c1", 0 0;
TD_tb.stimulus ;
    %load/vec4 v0x559bd9eca8a0_0;
    %store/vec4 v0x559bd9ecab10_0, 0, 4;
    %load/vec4 v0x559bd9eca960_0;
    %store/vec4 v0x559bd9ecac20_0, 0, 4;
    %load/vec4 v0x559bd9ecaa40_0;
    %store/vec4 v0x559bd9ecacf0_0, 0, 1;
    %end;
    .scope S_0x559bd9e98670;
T_2 ;
    %vpi_call 2 27 "$dumpfile", "dump.vcd" {0 0 0};
    %vpi_call 2 28 "$dumpvars", 32'sb00000000000000000000000000000000, S_0x559bd9e98670 {0 0 0};
    %pushi/vec4 0, 0, 32;
    %store/vec4 v0x559bd9ecaf00_0, 0, 32;
T_2.0 ;
    %load/vec4 v0x559bd9ecaf00_0;
    %cmpi/s 2, 0, 32;
    %jmp/0xz T_2.1, 5;
    %pushi/vec4 0, 0, 32;
    %store/vec4 v0x559bd9ecaff0_0, 0, 32;
T_2.2 ;
    %load/vec4 v0x559bd9ecaff0_0;
    %cmpi/s 16, 0, 32;
    %jmp/0xz T_2.3, 5;
    %pushi/vec4 0, 0, 32;
    %store/vec4 v0x559bd9ecb0d0_0, 0, 32;
T_2.4 ;
    %load/vec4 v0x559bd9ecb0d0_0;
    %cmpi/s 16, 0, 32;
    %jmp/0xz T_2.5, 5;
    %load/vec4 v0x559bd9ecaff0_0;
    %pad/s 4;
    %store/vec4 v0x559bd9eca8a0_0, 0, 4;
    %load/vec4 v0x559bd9ecb0d0_0;
    %pad/s 4;
    %store/vec4 v0x559bd9eca960_0, 0, 4;
    %load/vec4 v0x559bd9ecaf00_0;
    %pad/s 1;
    %store/vec4 v0x559bd9ecaa40_0, 0, 1;
    %fork TD_tb.stimulus, S_0x559bd9eca6d0;
    %join;
    %fork TD_tb.delay, S_0x559bd9eca4e0;
    %join;
    %load/vec4 v0x559bd9ecb0d0_0;
    %addi 1, 0, 32;
    %store/vec4 v0x559bd9ecb0d0_0, 0, 32;
    %jmp T_2.4;
T_2.5 ;
    %load/vec4 v0x559bd9ecaff0_0;
    %addi 1, 0, 32;
    %store/vec4 v0x559bd9ecaff0_0, 0, 32;
    %jmp T_2.2;
T_2.3 ;
    %load/vec4 v0x559bd9ecaf00_0;
    %addi 1, 0, 32;
    %store/vec4 v0x559bd9ecaf00_0, 0, 32;
    %jmp T_2.0;
T_2.1 ;
    %vpi_call 2 38 "$finish" {0 0 0};
    %end;
    .thread T_2;
    .scope S_0x559bd9e98670;
T_3 ;
    %vpi_call 2 41 "$monitor", $time, " ns A = %b, B = %b, Cin = %b, Cout = %b, Sum = %b", v0x559bd9ecab10_0, v0x559bd9ecac20_0, v0x559bd9ecacf0_0, v0x559bd9ecae10_0, v0x559bd9ecb1b0_0 {0 0 0};
    %end;
    .thread T_3;
# The file index is used to find the file name in the following table.
:file_names 5;
    "N/A";
    "<interactive>";
    "tb.v";
    "rca4.v";
    "./full_adder.v";
