#! /usr/bin/vvp
:ivl_version "10.3 (stable)";
:ivl_delay_selection "TYPICAL";
:vpi_time_precision - 12;
:vpi_module "system";
:vpi_module "vhdl_sys";
:vpi_module "v2005_math";
:vpi_module "va_math";
S_0x558b48067030 .scope module, "tb_johnson" "tb_johnson" 2 33;
 .timescale -8 -12;
v0x558b480b6270_0 .net "Count_out", 3 0, L_0x558b480b6850;  1 drivers
v0x558b480b6360_0 .var "clock", 0 0;
v0x558b480b6400_0 .var "r", 0 0;
S_0x558b480671b0 .scope module, "uut" "counter" 2 45, 2 19 0, S_0x558b48067030;
 .timescale 0 0;
    .port_info 0 /OUTPUT 4 "q"
    .port_info 1 /INPUT 1 "reset"
    .port_info 2 /INPUT 1 "clk"
L_0x558b480b64d0 .functor NOT 1, L_0x558b480b6540, C4<0>, C4<0>, C4<0>;
v0x558b480b5e70_0 .net *"_s2", 0 0, L_0x558b480b6540;  1 drivers
v0x558b480b5f70_0 .net "clk", 0 0, v0x558b480b6360_0;  1 drivers
v0x558b480b6030_0 .net "q", 3 0, L_0x558b480b6850;  alias, 1 drivers
v0x558b480b60d0_0 .net "reset", 0 0, v0x558b480b6400_0;  1 drivers
v0x558b480b6170_0 .net "w", 0 0, L_0x558b480b64d0;  1 drivers
L_0x558b480b6540 .part L_0x558b480b6850, 3, 1;
L_0x558b480b6680 .part L_0x558b480b6850, 0, 1;
L_0x558b480b6720 .part L_0x558b480b6850, 1, 1;
L_0x558b480b6850 .concat8 [ 1 1 1 1], v0x558b4808ccf0_0, v0x558b4808c700_0, v0x558b480b5680_0, v0x558b480b5c50_0;
L_0x558b480b6a10 .part L_0x558b480b6850, 2, 1;
S_0x558b4809f570 .scope module, "f1" "dff" 2 25, 2 4 0, S_0x558b480671b0;
 .timescale 0 0;
    .port_info 0 /OUTPUT 1 "q"
    .port_info 1 /INPUT 1 "d"
    .port_info 2 /INPUT 1 "clk"
    .port_info 3 /INPUT 1 "reset"
v0x558b4808dcc0_0 .net "clk", 0 0, v0x558b480b6360_0;  alias, 1 drivers
v0x558b4808dd60_0 .net "d", 0 0, L_0x558b480b64d0;  alias, 1 drivers
v0x558b4808ccf0_0 .var "q", 0 0;
v0x558b4808cdf0_0 .net "reset", 0 0, v0x558b480b6400_0;  alias, 1 drivers
E_0x558b4809db80/0 .event edge, v0x558b4808cdf0_0;
E_0x558b4809db80/1 .event posedge, v0x558b4808dcc0_0;
E_0x558b4809db80 .event/or E_0x558b4809db80/0, E_0x558b4809db80/1;
S_0x558b480b4ea0 .scope module, "f2" "dff" 2 26, 2 4 0, S_0x558b480671b0;
 .timescale 0 0;
    .port_info 0 /OUTPUT 1 "q"
    .port_info 1 /INPUT 1 "d"
    .port_info 2 /INPUT 1 "clk"
    .port_info 3 /INPUT 1 "reset"
v0x558b4808e1f0_0 .net "clk", 0 0, v0x558b480b6360_0;  alias, 1 drivers
v0x558b4808d2a0_0 .net "d", 0 0, L_0x558b480b6680;  1 drivers
v0x558b4808c700_0 .var "q", 0 0;
v0x558b480b5100_0 .net "reset", 0 0, v0x558b480b6400_0;  alias, 1 drivers
S_0x558b480b5260 .scope module, "f3" "dff" 2 27, 2 4 0, S_0x558b480671b0;
 .timescale 0 0;
    .port_info 0 /OUTPUT 1 "q"
    .port_info 1 /INPUT 1 "d"
    .port_info 2 /INPUT 1 "clk"
    .port_info 3 /INPUT 1 "reset"
v0x558b480b54d0_0 .net "clk", 0 0, v0x558b480b6360_0;  alias, 1 drivers
v0x558b480b55c0_0 .net "d", 0 0, L_0x558b480b6720;  1 drivers
v0x558b480b5680_0 .var "q", 0 0;
v0x558b480b5720_0 .net "reset", 0 0, v0x558b480b6400_0;  alias, 1 drivers
S_0x558b480b5890 .scope module, "f4" "dff" 2 28, 2 4 0, S_0x558b480671b0;
 .timescale 0 0;
    .port_info 0 /OUTPUT 1 "q"
    .port_info 1 /INPUT 1 "d"
    .port_info 2 /INPUT 1 "clk"
    .port_info 3 /INPUT 1 "reset"
v0x558b480b5ad0_0 .net "clk", 0 0, v0x558b480b6360_0;  alias, 1 drivers
v0x558b480b5b90_0 .net "d", 0 0, L_0x558b480b6a10;  1 drivers
v0x558b480b5c50_0 .var "q", 0 0;
v0x558b480b5d20_0 .net "reset", 0 0, v0x558b480b6400_0;  alias, 1 drivers
    .scope S_0x558b4809f570;
T_0 ;
    %wait E_0x558b4809db80;
    %load/vec4 v0x558b4808cdf0_0;
    %pad/u 32;
    %cmpi/e 1, 0, 32;
    %jmp/0xz  T_0.0, 4;
    %pushi/vec4 0, 0, 1;
    %store/vec4 v0x558b4808ccf0_0, 0, 1;
    %jmp T_0.1;
T_0.0 ;
    %load/vec4 v0x558b4808dd60_0;
    %store/vec4 v0x558b4808ccf0_0, 0, 1;
T_0.1 ;
    %jmp T_0;
    .thread T_0;
    .scope S_0x558b480b4ea0;
T_1 ;
    %wait E_0x558b4809db80;
    %load/vec4 v0x558b480b5100_0;
    %pad/u 32;
    %cmpi/e 1, 0, 32;
    %jmp/0xz  T_1.0, 4;
    %pushi/vec4 0, 0, 1;
    %store/vec4 v0x558b4808c700_0, 0, 1;
    %jmp T_1.1;
T_1.0 ;
    %load/vec4 v0x558b4808d2a0_0;
    %store/vec4 v0x558b4808c700_0, 0, 1;
T_1.1 ;
    %jmp T_1;
    .thread T_1;
    .scope S_0x558b480b5260;
T_2 ;
    %wait E_0x558b4809db80;
    %load/vec4 v0x558b480b5720_0;
    %pad/u 32;
    %cmpi/e 1, 0, 32;
    %jmp/0xz  T_2.0, 4;
    %pushi/vec4 0, 0, 1;
    %store/vec4 v0x558b480b5680_0, 0, 1;
    %jmp T_2.1;
T_2.0 ;
    %load/vec4 v0x558b480b55c0_0;
    %store/vec4 v0x558b480b5680_0, 0, 1;
T_2.1 ;
    %jmp T_2;
    .thread T_2;
    .scope S_0x558b480b5890;
T_3 ;
    %wait E_0x558b4809db80;
    %load/vec4 v0x558b480b5d20_0;
    %pad/u 32;
    %cmpi/e 1, 0, 32;
    %jmp/0xz  T_3.0, 4;
    %pushi/vec4 0, 0, 1;
    %store/vec4 v0x558b480b5c50_0, 0, 1;
    %jmp T_3.1;
T_3.0 ;
    %load/vec4 v0x558b480b5b90_0;
    %store/vec4 v0x558b480b5c50_0, 0, 1;
T_3.1 ;
    %jmp T_3;
    .thread T_3;
    .scope S_0x558b48067030;
T_4 ;
    %pushi/vec4 0, 0, 1;
    %store/vec4 v0x558b480b6360_0, 0, 1;
    %pushi/vec4 1, 0, 1;
    %store/vec4 v0x558b480b6400_0, 0, 1;
    %delay 500000, 0;
    %pushi/vec4 0, 0, 1;
    %store/vec4 v0x558b480b6400_0, 0, 1;
    %vpi_call 2 58 "$dumpfile", "counter.vcd" {0 0 0};
    %vpi_call 2 59 "$dumpvars", 32'sb00000000000000000000000000000000, S_0x558b48067030 {0 0 0};
    %end;
    .thread T_4;
    .scope S_0x558b48067030;
T_5 ;
    %delay 30000, 0;
    %load/vec4 v0x558b480b6360_0;
    %inv;
    %store/vec4 v0x558b480b6360_0, 0, 1;
    %jmp T_5;
    .thread T_5;
    .scope S_0x558b48067030;
T_6 ;
    %delay 3000000, 0;
    %vpi_call 2 67 "$finish" {0 0 0};
    %end;
    .thread T_6;
# The file index is used to find the file name in the following table.
:file_names 3;
    "N/A";
    "<interactive>";
    "q0_counter.v";
